2026-04-22T12:05:10.277+02:00 [ENERGY] proxy: duty=0.0679%  I_avg=78.067 mA  batt=13 h  | baseline@100Hz: duty=0.6791%  I_avg=78.672 mA  batt=13 h  | savings=0.77%  (active=638634 µs  wait=939738223 µs)
2026-04-22T12:05:10.283+02:00 [ANOMALY] Z-score:   TPR=0.000  FPR=0.000  (TP=0 FP=0 FN=0 TN=9702)
2026-04-22T12:05:10.289+02:00 [ANOMALY] Hampel k=5 : TPR=0.000  FPR=0.000  (TP=0 FP=0 FN=0 TN=9691)
2026-04-22T12:05:10.295+02:00 [ANOMALY] Hampel k=20: TPR=0.000  FPR=0.000  (TP=0 FP=0 FN=0 TN=9661)
2026-04-22T12:05:10.301+02:00 [ANOMALY] Hampel k=50: TPR=0.000  FPR=0.000  (TP=0 FP=0 FN=0 TN=9601)
2026-04-22T12:05:10.310+02:00 [ANOMALY] exec avg — Z-score: 2.42 µs  Hampel k=5: 22.52 µs  k=20: 88.68 µs  k=50: 254.27 µs
2026-04-22T12:05:10.317+02:00 [ANOMALY] Hampel RAM  k=5: 55 B  k=20: 205 B  k=50: 505 B  (win[]+spike[] per instance)
2026-04-22T12:05:11.388+02:00 [main] Current fs = 10.0 Hz
2026-04-22T12:05:12.878+02:00 [FFT]  dominant = 5.00 Hz  →  fs updated to 10.0 Hz
2026-04-22T12:05:12.882+02:00 [PLOT] type=fft_window seq=38 fs=10.000 n=256
2026-04-22T12:05:13.096+02:00 [PLOT-SAMPLES] seq=38 values=-3.474047,5.664262,-5.527439,3.248549,-1.984128,3.478531,-5.666245,5.522596,-3.245615,1.982287,-3.478395,5.667365,-5.516885,3.238185,-1.981441,3.482797,-5.667147,5.514427,-3.231537,1.979717,-3.486301,5.668098,-5.508549,3.228486,-1.978546,3.490622,-5.669857,5.503487,-3.220866,1.976696,-3.490194,5.668571,-5.497435,3.214112,-1.975729,3.494432,-5.670222,5.494786,-3.209970,1.973765,-3.497653,5.670830,-5.488568,3.203135,-1.972435,3.498012,-5.670324,5.483286,-3.195241,1.970344,-3.501089,5.670765,-5.479443,3.191933,-1.969256,3.505164,-5.672191,5.474056,-3.183899,1.966717,-3.504297,5.672455,-5.468622,3.176909,-1.965563,3.508288,-5.671758,5.464566,-3.168741,1.963232,-3.511083,5.671854,-5.459028,3.165264,-1.961663,3.511183,-5.673056,5.452239,-3.156956,1.959207,-3.513834,5.670992,-5.449175,3.149812,-1.957932,3.517662,-5.672086,5.442222,-3.144948,1.954976,-3.520174,5.673134,-5.436465,3.137725,-1.953635,3.520102,-5.670856,5.429339,-3.129145,1.950940,-3.522471,5.671796,-5.426086,3.125414,-1.949133,3.526134,-5.671313,5.418797,-3.116696,1.946313,-3.524539,5.670197,-5.412823,3.109320,-1.944852,3.528120,-5.669548,5.407996,-3.104025,1.941919,-3.530206,5.670264,-5.401918,3.096570,-1.939954,3.529876,-5.669438,5.394294,-3.087581,1.936896,-3.533345,5.668132,-5.390759,3.080054,-1.935317,3.535237,-5.667140,5.382970,-3.074472,1.931669,-3.534790,5.667632,-5.376676,3.066867,-1.930024,3.536540,-5.664581,5.371391,-3.057608,1.926729,-3.539844,5.664967,-5.364994,3.053459,-1.924528,3.541455,-5.663633,5.356872,-3.044064,1.921108,-3.540837,5.662043,-5.350363,3.036308,-1.919345,3.542305,-5.660543,5.344773,-3.030299,1.917038,-3.545446,5.660705,-5.338161,3.022466,-1.913457,3.542928,-5.657194,5.329707,-3.012804,1.911613,-3.545986,5.657250,-5.325705,3.008405,-1.907920,3.547173,-5.655410,5.317090,-2.998608,1.905457,-3.546299,5.655349,-5.310264,2.990626,-1.901641,3.547345,-5.651532,5.304219,-2.980698,1.899680,-3.550239,5.651364,-5.297290,2.976134,-1.895160,3.547290,-5.649185,5.288345,-2.968051,1.893135,-3.550101,5.647122,-5.284065,2.957942,-1.889085,3.550867,-5.644778,5.274960,-2.953266,1.886388,-3.553597,5.644389,-5.267819,2.943023,-1.882216,3.550362,-5.640115,5.258546,-2.934793,1.880073,-3.553010,5.639619,-5.254080,2.927886,-1.875146,3.553496,-5.636937,5.246795,-2.919581,1.872940,-3.552198,5.634594,-5.237296,2.909076,-1.868535,3.552543,-5.631747,5.232704,-2.904154,1.866277,-3.555028,5.631031,-5.223046,2.893516,-1.861080,3.551366
2026-04-22T12:05:16.387+02:00 [main] Current fs = 10.0 Hz
2026-04-22T12:05:16.894+02:00 [LoRa] uplink #75  mean=+0.0006  encoded=0  cumulative=150 B  vs_oversampled=1500000 B  ratio=10000x  e2e_latency=3916 ms
2026-04-22T12:05:16.901+02:00 [MQTT] #92 avg=0.0006  payload=6 B  total=597 B  baseline=1840000 B  ratio=3082x
2026-04-22T12:05:16.906+02:00 [AGG]  win=92  mean=+0.0006  n=50  fs=10.0 Hz  proc_us=6636659
2026-04-22T12:05:17.358+02:00 [LATENCY] rtt_ms=459
2026-04-22T12:05:21.387+02:00 [main] Current fs = 10.0 Hz
2026-04-22T12:05:21.912+02:00 [ENERGY] proxy: duty=0.0679%  I_avg=78.067 mA  batt=13 h  | baseline@100Hz: duty=0.6794%  I_avg=78.673 mA  batt=13 h  | savings=0.77%  (active=646843 µs  wait=951366758 µs)
2026-04-22T12:05:21.918+02:00 [ANOMALY] Z-score:   TPR=0.000  FPR=0.000  (TP=0 FP=0 FN=0 TN=9818)
2026-04-22T12:05:21.924+02:00 [ANOMALY] Hampel k=5 : TPR=0.000  FPR=0.000  (TP=0 FP=0 FN=0 TN=9807)
2026-04-22T12:05:21.930+02:00 [ANOMALY] Hampel k=20: TPR=0.000  FPR=0.000  (TP=0 FP=0 FN=0 TN=9777)
2026-04-22T12:05:21.936+02:00 [ANOMALY] Hampel k=50: TPR=0.000  FPR=0.000  (TP=0 FP=0 FN=0 TN=9717)
2026-04-22T12:05:21.944+02:00 [ANOMALY] exec avg — Z-score: 2.42 µs  Hampel k=5: 22.52 µs  k=20: 88.68 µs  k=50: 254.34 µs
2026-04-22T12:05:21.952+02:00 [ANOMALY] Hampel RAM  k=5: 55 B  k=20: 205 B  k=50: 505 B  (win[]+spike[] per instance)
2026-04-22T12:05:26.386+02:00 [main] Current fs = 10.0 Hz
2026-04-22T12:05:28.530+02:00 [LoRa] uplink #76  mean=-0.0000  encoded=0  cumulative=152 B  vs_oversampled=1520000 B  ratio=10000x  e2e_latency=15553 ms
2026-04-22T12:05:28.537+02:00 [MQTT] #93 avg=-0.0000  payload=7 B  total=604 B  baseline=1860000 B  ratio=3079x
2026-04-22T12:05:28.542+02:00 [AGG]  win=93  mean=-0.0000  n=50  fs=10.0 Hz  proc_us=6637239
2026-04-22T12:05:29.347+02:00 [LATENCY] rtt_ms=813
2026-04-22T12:05:31.386+02:00 [main] Current fs = 10.0 Hz
2026-04-22T12:05:33.547+02:00 [ENERGY] proxy: duty=0.0680%  I_avg=78.067 mA  batt=13 h  | baseline@100Hz: duty=0.6797%  I_avg=78.673 mA  batt=13 h  | savings=0.77%  (active=654923 µs  wait=962896901 µs)
2026-04-22T12:05:33.553+02:00 [ANOMALY] Z-score:   TPR=0.000  FPR=0.000  (TP=0 FP=0 FN=0 TN=9934)
2026-04-22T12:05:33.559+02:00 [ANOMALY] Hampel k=5 : TPR=0.000  FPR=0.000  (TP=0 FP=0 FN=0 TN=9923)
2026-04-22T12:05:33.565+02:00 [ANOMALY] Hampel k=20: TPR=0.000  FPR=0.000  (TP=0 FP=0 FN=0 TN=9893)
2026-04-22T12:05:33.572+02:00 [ANOMALY] Hampel k=50: TPR=0.000  FPR=0.000  (TP=0 FP=0 FN=0 TN=9833)
2026-04-22T12:05:33.579+02:00 [ANOMALY] exec avg — Z-score: 2.42 µs  Hampel k=5: 22.52 µs  k=20: 88.67 µs  k=50: 254.35 µs
2026-04-22T12:05:33.587+02:00 [ANOMALY] Hampel RAM  k=5: 55 B  k=20: 205 B  k=50: 505 B  (win[]+spike[] per instance)
2026-04-22T12:05:36.385+02:00 [main] Current fs = 10.0 Hz
2026-04-22T12:05:38.475+02:00 [FFT]  dominant = 5.00 Hz  →  fs updated to 10.0 Hz
2026-04-22T12:05:38.479+02:00 [PLOT] type=fft_window seq=39 fs=10.000 n=256
2026-04-22T12:05:38.692+02:00 [PLOT-SAMPLES] seq=39 values=-5.628011,5.215550,-2.885066,1.858758,-3.553769,5.625480,-5.208548,2.877741,-1.854122,3.553835,-5.622297,5.200950,-2.869216,1.851041,-3.552285,5.621359,-5.190968,2.858318,-1.846284,3.552212,-5.618700,5.186102,-2.849724,1.843847,-3.554451,5.615286,-5.175961,2.842123,-1.838248,3.554240,-5.614196,5.168157,-2.833455,1.835748,-3.552523,5.608959,-5.157851,2.822300,-1.830762,3.552172,-5.607764,5.152803,-2.816973,1.827451,-3.554250,5.604015,-5.142341,2.805687,-1.822346,3.549881,-5.601079,5.134328,-2.796878,1.819732,-3.551877,5.597168,-5.126584,2.788864,-1.814518,3.553843,-5.595753,5.118472,-2.779981,1.811056,-3.549282,5.591671,-5.107689,2.768440,-1.805723,3.551167,-5.588550,5.102372,-2.762874,1.802997,-3.550351,5.584306,-5.091433,2.751203,-1.796734,3.548269,-5.582672,5.083116,-2.742181,1.793945,-3.547315,5.576690,-5.074933,2.730387,-1.788386,3.549038,-5.574952,5.066517,-2.724663,1.784699,-3.547948,5.570377,-5.055261,2.712741,-1.781834,3.545701,-5.566981,5.046740,-2.703580,1.776121,-3.544473,5.562246,-5.038266,2.694887,-1.772333,3.546035,-5.560291,5.029647,-2.685655,1.766503,-3.540779,5.553866,-5.018075,2.673483,-1.763527,3.542259,-5.551807,5.012312,-2.667523,1.757591,-3.540759,5.546743,-5.000588,2.658198,-1.753655,3.538265,-5.544571,4.991767,-2.645856,1.747602,-3.536628,5.537852,-4.982861,2.639790,-1.744516,3.537949,-5.535577,4.973943,-2.627322,1.737422,-3.532280,5.530185,-4.961906,2.617862,-1.734275,3.533520,-5.526336,4.955880,-2.605274,1.728002,-3.531612,5.520786,-4.943691,2.599053,-1.723844,3.532772,-5.518295,4.934573,-2.586341,1.717456,-3.526830,5.511141,-4.928427,2.576747,-1.714200,3.527911,-5.508547,4.916026,-2.567205,1.706721,-3.525733,5.502671,-4.906771,2.557542,-1.703405,3.522834,-5.498555,4.894212,-2.544587,1.696798,-3.520521,5.492522,-4.887892,2.538136,-1.693435,3.521443,-5.489715,4.875184,-2.525058,1.685701,-3.515095,5.483515,-4.865732,2.515263,-1.682278,3.515937,-5.479219,4.855920,-2.505329,1.675455,-3.513356,5.476264,-4.846374,2.495466,-1.670935,3.510217,-5.469843,4.833361,-2.482149,1.663999,-3.507503,5.465425,-4.826782,2.472225,-1.660470,3.508187,-5.458849,4.813621,-2.462032,1.652358,-3.505340,5.455681,-4.803880,2.452041,-1.648770,3.502042,-5.447613,4.793650,-2.438487,1.641620,-3.499063,5.444345,-4.783816,2.431660,-1.636886,3.499589,-5.437449,4.770353,-2.417986,1.629624,-3.496182,5.432769,-4.760419,2.407867,-1.625932,3.493021,-5.425719,4.749911,-2.397290,1.618571,-3.493440,5.422239
2026-04-22T12:05:40.164+02:00 [LoRa] uplink #77  mean=-0.0008  encoded=0  cumulative=154 B  vs_oversampled=1540000 B  ratio=10000x  e2e_latency=1589 ms
2026-04-22T12:05:40.171+02:00 [MQTT] #94 avg=-0.0008  payload=7 B  total=611 B  baseline=1880000 B  ratio=3077x
2026-04-22T12:05:40.176+02:00 [AGG]  win=94  mean=-0.0008  n=50  fs=10.0 Hz  proc_us=6636235
2026-04-22T12:05:40.645+02:00 [LATENCY] rtt_ms=477
2026-04-22T12:05:41.384+02:00 [main] Current fs = 10.0 Hz
2026-04-22T12:05:45.181+02:00 [ENERGY] proxy: duty=0.0680%  I_avg=78.067 mA  batt=13 h  | baseline@100Hz: duty=0.6805%  I_avg=78.674 mA  batt=13 h  | savings=0.77%  (active=663582 µs  wait=974525555 µs)
2026-04-22T12:05:45.187+02:00 [ANOMALY] Z-score:   TPR=0.000  FPR=0.000  (TP=0 FP=0 FN=0 TN=10051)
2026-04-22T12:05:45.194+02:00 [ANOMALY] Hampel k=5 : TPR=0.000  FPR=0.000  (TP=0 FP=0 FN=0 TN=10040)
2026-04-22T12:05:45.200+02:00 [ANOMALY] Hampel k=20: TPR=0.000  FPR=0.000  (TP=0 FP=0 FN=0 TN=10010)
2026-04-22T12:05:45.206+02:00 [ANOMALY] Hampel k=50: TPR=0.000  FPR=0.000  (TP=0 FP=0 FN=0 TN=9950)
2026-04-22T12:05:45.214+02:00 [ANOMALY] exec avg — Z-score: 2.42 µs  Hampel k=5: 22.52 µs  k=20: 88.66 µs  k=50: 254.39 µs
2026-04-22T12:05:45.222+02:00 [ANOMALY] Hampel RAM  k=5: 55 B  k=20: 205 B  k=50: 505 B  (win[]+spike[] per instance)
2026-04-22T12:05:46.384+02:00 [main] Current fs = 10.0 Hz
2026-04-22T12:05:51.383+02:00 [main] Current fs = 10.0 Hz
2026-04-22T12:05:51.799+02:00 [LoRa] uplink #78  mean=+0.0010  encoded=0  cumulative=156 B  vs_oversampled=1560000 B  ratio=10000x  e2e_latency=13225 ms
2026-04-22T12:05:51.806+02:00 [MQTT] #95 avg=0.0010  payload=6 B  total=617 B  baseline=1900000 B  ratio=3079x
2026-04-22T12:05:51.811+02:00 [AGG]  win=95  mean=+0.0010  n=50  fs=10.0 Hz  proc_us=6636324
2026-04-22T12:05:52.694+02:00 [LATENCY] rtt_ms=891
2026-04-22T12:05:56.383+02:00 [main] Current fs = 10.0 Hz
2026-04-22T12:05:56.816+02:00 [ENERGY] proxy: duty=0.0681%  I_avg=78.067 mA  batt=13 h  | baseline@100Hz: duty=0.6809%  I_avg=78.674 mA  batt=13 h  | savings=0.77%  (active=671896 µs  wait=986054870 µs)
2026-04-22T12:05:56.822+02:00 [ANOMALY] Z-score:   TPR=0.000  FPR=0.000  (TP=0 FP=0 FN=0 TN=10167)
2026-04-22T12:05:56.828+02:00 [ANOMALY] Hampel k=5 : TPR=0.000  FPR=0.000  (TP=0 FP=0 FN=0 TN=10156)
2026-04-22T12:05:56.835+02:00 [ANOMALY] Hampel k=20: TPR=0.000  FPR=0.000  (TP=0 FP=0 FN=0 TN=10126)
2026-04-22T12:05:56.841+02:00 [ANOMALY] Hampel k=50: TPR=0.000  FPR=0.000  (TP=0 FP=0 FN=0 TN=10066)
2026-04-22T12:05:56.849+02:00 [ANOMALY] exec avg — Z-score: 2.42 µs  Hampel k=5: 22.53 µs  k=20: 88.69 µs  k=50: 254.40 µs
2026-04-22T12:05:56.857+02:00 [ANOMALY] Hampel RAM  k=5: 55 B  k=20: 205 B  k=50: 505 B  (win[]+spike[] per instance)
2026-04-22T12:06:01.382+02:00 [main] Current fs = 10.0 Hz
2026-04-22T12:06:03.436+02:00 [LoRa] uplink #79  mean=+0.0003  encoded=0  cumulative=158 B  vs_oversampled=1580000 B  ratio=10000x  e2e_latency=24863 ms
2026-04-22T12:06:03.442+02:00 [MQTT] #96 avg=0.0003  payload=6 B  total=623 B  baseline=1920000 B  ratio=3082x
2026-04-22T12:06:03.449+02:00 [AGG]  win=96  mean=+0.0003  n=50  fs=10.0 Hz  proc_us=6638311
2026-04-22T12:06:03.953+02:00 [LATENCY] rtt_ms=513
2026-04-22T12:06:04.071+02:00 [FFT]  dominant = 5.00 Hz  →  fs updated to 10.0 Hz
2026-04-22T12:06:04.075+02:00 [PLOT] type=fft_window seq=40 fs=10.000 n=256
2026-04-22T12:06:04.289+02:00 [PLOT-SAMPLES] seq=40 values=-4.739885,2.387105,-1.613696,3.486243,-5.415026,4.726124,-2.373198,1.606224,-3.486584,5.410170,-4.719123,2.366149,-1.602428,3.483161,-5.402803,4.705217,-2.352124,1.597457,-3.479518,5.399114,-4.695000,2.341814,-1.589843,3.475964,-5.390344,4.684082,-2.327677,1.585977,-3.476149,5.386556,-4.673774,2.320483,-1.577077,3.472465,-5.378875,4.659573,-2.306229,1.573155,-3.468667,5.373761,-4.652323,2.295796,-1.565333,3.464852,-5.365929,4.637979,-2.284590,1.560153,-3.464883,5.361932,-4.627482,2.274094,-1.552224,3.457033,-5.352748,4.612989,-2.263579,1.548200,-3.456987,5.348653,-4.605574,2.252203,-1.540173,3.452914,-5.340509,4.590940,-2.241624,1.534857,-3.448885,5.335140,-4.580257,2.226990,-1.526723,3.444684,-5.326847,4.568667,-2.219482,1.522600,-3.444484,5.322545,-4.557896,2.204734,-1.513098,3.436249,-5.314093,4.542974,-2.194037,1.508920,-3.435973,5.308553,-4.535315,2.179182,-1.500584,3.431516,-5.299952,4.524417,-2.171533,1.495065,-3.431163,5.295445,-4.509297,2.156565,-1.486623,3.422675,-5.285582,4.501528,-2.145751,1.482347,-3.422246,5.280979,-4.486270,2.133765,-1.472490,3.417536,-5.272072,4.475190,-2.122890,1.468160,-3.413128,5.266283,-4.459787,2.107705,-1.459520,3.408292,-5.257229,4.451858,-2.099847,1.455147,-3.407712,5.252423,-4.436318,2.084551,-1.445057,3.398847,-5.246519,4.425058,-2.073561,1.440632,-3.398193,5.237257,-4.412634,2.061218,-1.431796,3.393106,-5.232311,4.401288,-2.050168,1.425946,-3.388474,5.222893,-4.385470,2.034659,-1.417008,3.383263,-5.216825,4.377305,-2.023557,1.412487,-3.382459,5.207262,-4.361351,2.010979,-1.402051,3.377727,-5.202116,4.349828,-1.999818,1.397479,-3.372345,5.191406,-4.337021,1.984100,-1.388348,3.371439,-5.186166,4.325413,-1.975903,1.382303,-3.365934,5.176305,-4.309186,1.960078,-1.373072,3.361055,-5.169993,4.297487,-1.948807,1.368407,-3.355428,5.159990,-4.284429,1.935881,-1.359087,3.354374,-5.154551,4.272646,-1.924553,1.352915,-3.344727,5.143455,-4.256148,1.908523,-1.348188,3.343600,-5.137922,4.247598,-1.900127,1.338739,-3.337729,5.127625,-4.230968,1.883992,-1.332481,3.332633,-5.121988,4.219014,-1.872558,1.322935,-3.326641,5.110635,-4.205583,1.856326,-1.318117,3.325368,-5.104907,4.193546,-1.847800,1.306968,-3.315363,5.094317,-4.176651,1.831465,-1.302101,3.314018,-5.087608,4.167876,-1.819927,1.292370,-3.307785,5.076880,-4.150851,1.811313,-1.285924,3.306367,-5.070956,4.138646,-1.794843,1.276097,-3.296126,5.059226,-4.121487,1.783235,-1.271142,3.294636,-5.053212,4.112564
2026-04-22T12:06:06.381+02:00 [main] Current fs = 10.0 Hz
2026-04-22T12:06:08.453+02:00 [ENERGY] proxy: duty=0.0681%  I_avg=78.067 mA  batt=13 h  | baseline@100Hz: duty=0.6813%  I_avg=78.674 mA  batt=13 h  | savings=0.77%  (active=680103 µs  wait=997584518 µs)
2026-04-22T12:06:08.459+02:00 [ANOMALY] Z-score:   TPR=0.000  FPR=0.000  (TP=0 FP=0 FN=0 TN=10283)
2026-04-22T12:06:08.465+02:00 [ANOMALY] Hampel k=5 : TPR=0.000  FPR=0.000  (TP=0 FP=0 FN=0 TN=10272)
2026-04-22T12:06:08.471+02:00 [ANOMALY] Hampel k=20: TPR=0.000  FPR=0.000  (TP=0 FP=0 FN=0 TN=10242)
2026-04-22T12:06:08.478+02:00 [ANOMALY] Hampel k=50: TPR=0.000  FPR=0.000  (TP=0 FP=0 FN=0 TN=10183)
2026-04-22T12:06:08.485+02:00 [ANOMALY] exec avg — Z-score: 2.42 µs  Hampel k=5: 22.53 µs  k=20: 88.70 µs  k=50: 254.42 µs
2026-04-22T12:06:08.494+02:00 [ANOMALY] Hampel RAM  k=5: 55 B  k=20: 205 B  k=50: 505 B  (win[]+spike[] per instance)
