2026-04-22T11:54:06.407+02:00 [main] Current fs = 10.0 Hz
2026-04-22T11:54:06.717+02:00 [LoRa] uplink #17  mean=+0.0003  encoded=0  cumulative=34 B  vs_oversampled=340000 B  ratio=10000x  e2e_latency=24879 ms
2026-04-22T11:54:06.724+02:00 [MQTT] #34 avg=0.0003  payload=6 B  total=222 B  baseline=680000 B  ratio=3063x
2026-04-22T11:54:06.730+02:00 [AGG]  win=34  mean=+0.0003  n=50  fs=10.0 Hz  proc_us=6636751
2026-04-22T11:54:07.340+02:00 [FFT]  dominant = 4.99 Hz  →  fs updated to 10.0 Hz
2026-04-22T11:54:07.344+02:00 [PLOT] type=fft_window seq=12 fs=10.000 n=256
2026-04-22T11:54:07.447+02:00 [PLOT-SAMPLES] seq=12 values=3.423545,-5.287448,4.501430,-2.150872,1.486542,-3.424716,5.289357,-4.504478,2.154661,-1.487344,3.425883,-5.291261,4.507521,-2.157673,1.489195,-3.427046,5.292884,-4.509513,2.160681,-1.491043,3.428205,-5.294779,4.512551,-2.163687,1.492563,-3.428317,5.296671,-4.515585,2.166689,-1.494405,3.430514,-5.298559,4.519419,-2.168646,1.495202,-3.431664,5.300443,-4.522444,2.171644,-1.497040,3.431833,-5.302322,4.525467,-2.174638,1.498875,-3.430898,5.304198,-4.528485,2.178407,-1.500706,3.432039,-5.306069,4.531499,-2.181395,1.502535,-3.433178,5.305585,-4.534510,2.184380,-1.504361,3.434313,-5.307451,4.537517,-2.187362,1.505863,-3.435444,5.309314,-4.540520,2.190341,-1.507683,3.436572,-5.311172,4.542260,-2.193316,1.509500,-3.437696,5.313026,-4.545258,2.196288,-1.511314,3.437840,-5.314877,4.548253,-2.199257,1.513125,-3.438957,5.316723,-4.551243,2.200953,-1.514933,3.440070,-5.318564,4.554230,-2.203919,1.516737,-3.441180,5.320116,-4.557213,2.206882,-1.518540,3.442286,-5.321950,4.560192,-2.209842,1.517982,-3.443389,5.323779,-4.563167,2.212799,-1.519782,3.444488,-5.325604,4.566937,-2.215752,1.521579,-3.445584,5.327426,-4.569904,2.218702,-1.523372[LATENCY] rtt_ms=716
2026-04-22T11:54:07.559+02:00 ,3.443670,-5.329243,4.572867,-2.221649,1.525163,-3.444762,5.331056,-4.575827,2.225375,-1.526950,3.445851,-5.332865,4.578783,-2.228315,1.528734,-3.446935,5.332360,-4.581734,2.231252,-1.530516,3.448016,-5.334165,4.584682,-2.234187,1.531982,-3.449094,5.335964,-4.587626,2.237117,-1.533757,3.450168,-5.337760,4.589353,-2.240045,1.535529,-3.451238,5.339551,-4.592292,2.242969,-1.537299,3.451329,-5.341339,4.595228,-2.245890,1.539065,-3.452392,5.343122,-4.598159,2.247595,-1.540829,3.453451,-5.344902,4.601087,-2.250513,1.542589,-3.454508,5.346382,-4.604011,2.253428,-1.544346,3.455560,-5.348153,4.606931,-2.256340,1.543804,-3.456609,5.349919,-4.609847,2.259248,-1.545559,3.457654,-5.351682,4.613552,-2.262153,1.547311,-3.458696,5.353440,-4.616459,2.265055,-1.549059,3.456779,-5.355195,4.619363,-2.267954,1.550805,-3.457818,5.356945,-4.622263,2.271637,-1.552547,3.458852,-5.358691,4.625160,-2.274529,1.554286,-3.459883,5.358166,-4.628052,2.277418,-1.556023,3.460910,-5.359907,4.630940,-2.280304,1.557453,-3.461933,5.361644,-4.633824,2.283186,-1.559183,3.462953,-5.363377,4.635539,-2.286065,1.560911,-3.463969,5.365105,-4.638418,2.288941,-1.562635,3.464006,-5.366829,4.641294,-2.291814,1.564356,-3.465015,5.368550,-4.644166,2.293527,-1.566074,3.466021,-5.370266,4.647034,-2.296397,1.567789,-3.467022
2026-04-22T11:54:11.407+02:00 [main] Current fs = 10.0 Hz
2026-04-22T11:54:11.736+02:00 [ENERGY] proxy: duty=0.0659%  I_avg=78.065 mA  batt=13 h  | baseline@100Hz: duty=0.6588%  I_avg=78.652 mA  batt=13 h  | savings=0.75%  (active=187940 µs  wait=285108305 µs)
2026-04-22T11:54:11.742+02:00 [ANOMALY] Z-score:   TPR=0.000  FPR=0.000  (TP=0 FP=0 FN=0 TN=3116)
2026-04-22T11:54:11.748+02:00 [ANOMALY] Hampel k=5 : TPR=0.000  FPR=0.000  (TP=0 FP=0 FN=0 TN=3105)
2026-04-22T11:54:11.754+02:00 [ANOMALY] Hampel k=20: TPR=0.000  FPR=0.000  (TP=0 FP=0 FN=0 TN=3075)
2026-04-22T11:54:11.760+02:00 [ANOMALY] Hampel k=50: TPR=0.000  FPR=0.000  (TP=0 FP=0 FN=0 TN=3015)
2026-04-22T11:54:11.769+02:00 [ANOMALY] exec avg — Z-score: 2.41 µs  Hampel k=5: 22.42 µs  k=20: 87.58 µs  k=50: 250.27 µs
2026-04-22T11:54:11.777+02:00 [ANOMALY] Hampel RAM  k=5: 55 B  k=20: 205 B  k=50: 505 B  (win[]+spike[] per instance)
2026-04-22T11:54:16.408+02:00 [main] Current fs = 10.0 Hz
2026-04-22T11:54:18.357+02:00 [LoRa] uplink #18  mean=+0.0002  encoded=0  cumulative=36 B  vs_oversampled=360000 B  ratio=10000x  e2e_latency=10915 ms
2026-04-22T11:54:18.363+02:00 [MQTT] #35 avg=0.0002  payload=6 B  total=228 B  baseline=700000 B  ratio=3070x
2026-04-22T11:54:18.368+02:00 [AGG]  win=35  mean=+0.0002  n=50  fs=10.0 Hz  proc_us=6637213
2026-04-22T11:54:20.146+02:00 [LATENCY] rtt_ms=1786
2026-04-22T11:54:21.407+02:00 [main] Current fs = 10.0 Hz
2026-04-22T11:54:23.375+02:00 [ENERGY] proxy: duty=0.0659%  I_avg=78.065 mA  batt=13 h  | baseline@100Hz: duty=0.6588%  I_avg=78.652 mA  batt=13 h  | savings=0.75%  (active=195613 µs  wait=296737739 µs)
2026-04-22T11:54:23.381+02:00 [ANOMALY] Z-score:   TPR=0.000  FPR=0.000  (TP=0 FP=0 FN=0 TN=3232)
2026-04-22T11:54:23.387+02:00 [ANOMALY] Hampel k=5 : TPR=0.000  FPR=0.000  (TP=0 FP=0 FN=0 TN=3221)
2026-04-22T11:54:23.393+02:00 [ANOMALY] Hampel k=20: TPR=0.000  FPR=0.000  (TP=0 FP=0 FN=0 TN=3191)
2026-04-22T11:54:23.399+02:00 [ANOMALY] Hampel k=50: TPR=0.000  FPR=0.000  (TP=0 FP=0 FN=0 TN=3131)
2026-04-22T11:54:23.408+02:00 [ANOMALY] exec avg — Z-score: 2.41 µs  Hampel k=5: 22.43 µs  k=20: 87.60 µs  k=50: 250.55 µs
2026-04-22T11:54:23.415+02:00 [ANOMALY] Hampel RAM  k=5: 55 B  k=20: 205 B  k=50: 505 B  (win[]+spike[] per instance)
2026-04-22T11:54:26.408+02:00 [main] Current fs = 10.0 Hz
2026-04-22T11:54:29.993+02:00 [LoRa] uplink #19  mean=-0.0000  encoded=0  cumulative=38 B  vs_oversampled=380000 B  ratio=10000x  e2e_latency=22551 ms
2026-04-22T11:54:30.001+02:00 [MQTT] #36 avg=-0.0000  payload=7 B  total=235 B  baseline=720000 B  ratio=3064x
2026-04-22T11:54:30.005+02:00 [AGG]  win=36  mean=-0.0000  n=50  fs=10.0 Hz  proc_us=6636033
2026-04-22T11:54:31.409+02:00 [main] Current fs = 10.0 Hz
2026-04-22T11:54:31.808+02:00 [LATENCY] rtt_ms=1810
2026-04-22T11:54:32.942+02:00 [FFT]  dominant = 4.99 Hz  →  fs updated to 10.0 Hz
2026-04-22T11:54:32.946+02:00 [PLOT] type=fft_window seq=13 fs=10.000 n=256
2026-04-22T11:54:33.160+02:00 [PLOT-SAMPLES] seq=13 values=5.371675,-4.649898,2.299263,-1.569501,3.468020,-5.373382,4.652758,-2.302126,1.568974,-3.469015,5.375085,-4.655614,2.304986,-1.570684,3.470006,-5.376784,4.659254,-2.307842,1.572390,-3.470994,5.378479,-4.662102,2.310695,-1.574094,3.469075,-5.380171,4.664946,-2.313545,1.575794,-3.470058,5.381857,-4.667786,2.317185,-1.577491,3.471038,-5.381621,4.670622,-2.320028,1.579185,-3.472015,5.382995,-4.673454,2.322868,-1.580876,3.472987,-5.384673,4.676283,-2.325705,1.582269,-3.473957,5.386346,-4.677199,2.328539,-1.583954,3.474922,-5.388015,4.680808,-2.331369,1.585636,-3.475883,5.389680,-4.683627,2.334196,-1.587315,3.475865,-5.391341,4.686443,-2.335121,1.588990,-3.476820,5.392998,-4.689255,2.338741,-1.590663,3.477771,-5.394650,4.692062,-2.341561,1.592332,-3.478718,5.395986,-4.694866,2.344378,-1.592111,3.479662,-5.397630,4.697666,-2.347192,1.593487,-3.480602,5.399270,-4.700461,2.350003,-1.595151,3.481538,-5.400905,4.704036,-2.352810,1.596812,-3.480594,5.402536,-4.706823,2.355614,-1.598469,3.480550,-5.404163,4.709607,-2.358414,1.600124,-3.481478,5.405787,-4.712386,2.361212,-1.601775,3.482404,-5.405539,4.715162,-2.364804,1.603423,-3.483325,5.407157,-4.717934,2.367595,-1.605068,3.484243,-5.408454,4.720701,-2.370382,1.606710,-3.485157,5.410064,-4.721609,2.373166,-1.608063,3.486068,-5.411669,4.724372,-2.375947,1.609699,-3.486975,5.413270,-4.727911,2.378724,-1.611332,3.487878,-5.414866,4.730665,-2.379653,1.612962,-3.487802,5.416459,-4.733417,2.382427,-1.614588,3.488697,-5.418047,4.736163,-2.385998,1.616212,-3.489590,5.419632,-4.738906,2.388766,-1.615997,3.490478,-5.420891,4.741645,-2.391530,1.617617,-3.491363,5.422466,-4.744380,2.394291,-1.618953,3.492244,-5.424037,4.747111,-2.397048,1.620568,-3.491298,5.425604,-4.750615,2.399802,-1.622180,3.492175,-5.427167,4.753337,-2.402553,1.623788,-3.492073,5.428726,-4.756056,2.405300,-1.625393,3.492943,-5.428467,4.758770,-2.408848,1.626995,-3.493809,5.430021,-4.761481,2.411589,-1.628593,3.494672,-5.431245,4.764187,-2.414326,1.630189,-3.495531,5.432790,-4.765087,2.417060,-1.631504,3.496387,-5.434331,4.767789,-2.419791,1.633094,-3.497238,5.435867,-4.771261,2.422518,-1.634680,3.498086,-5.437400,4.773954,-2.423450,1.636263,-3.497954,5.438928,-4.776644,2.426173,-1.637843,3.498795,-5.440452,4.779329,-2.429700,1.639420,-3.499632,5.441972,-4.782011,2.432418,-1.639212,3.500465,-5.443157,4.784688,-2.435131,1.640786,-3.501295,5.444668,-4.787362,2.437842,-1.642084,3.502120,-5.446175
2026-04-22T11:54:35.012+02:00 [ENERGY] proxy: duty=0.0659%  I_avg=78.065 mA  batt=13 h  | baseline@100Hz: duty=0.6589%  I_avg=78.652 mA  batt=13 h  | savings=0.75%  (active=203258 µs  wait=308268057 µs)
2026-04-22T11:54:35.018+02:00 [ANOMALY] Z-score:   TPR=0.000  FPR=0.000  (TP=0 FP=0 FN=0 TN=3348)
2026-04-22T11:54:35.024+02:00 [ANOMALY] Hampel k=5 : TPR=0.000  FPR=0.000  (TP=0 FP=0 FN=0 TN=3337)
2026-04-22T11:54:35.030+02:00 [ANOMALY] Hampel k=20: TPR=0.000  FPR=0.000  (TP=0 FP=0 FN=0 TN=3307)
2026-04-22T11:54:35.036+02:00 [ANOMALY] Hampel k=50: TPR=0.000  FPR=0.000  (TP=0 FP=0 FN=0 TN=3247)
2026-04-22T11:54:35.045+02:00 [ANOMALY] exec avg — Z-score: 2.42 µs  Hampel k=5: 22.45 µs  k=20: 87.61 µs  k=50: 250.73 µs
2026-04-22T11:54:35.052+02:00 [ANOMALY] Hampel RAM  k=5: 55 B  k=20: 205 B  k=50: 505 B  (win[]+spike[] per instance)
2026-04-22T11:54:36.409+02:00 [main] Current fs = 10.0 Hz
2026-04-22T11:54:41.409+02:00 [main] Current fs = 10.0 Hz
2026-04-22T11:54:41.629+02:00 [LoRa] uplink #20  mean=-0.0002  encoded=0  cumulative=40 B  vs_oversampled=400000 B  ratio=10000x  e2e_latency=8588 ms
2026-04-22T11:54:41.637+02:00 [MQTT] #37 avg=-0.0002  payload=7 B  total=242 B  baseline=740000 B  ratio=3058x
2026-04-22T11:54:41.642+02:00 [AGG]  win=37  mean=-0.0002  n=50  fs=10.0 Hz  proc_us=6637267
2026-04-22T11:54:42.903+02:00 [LATENCY] rtt_ms=1273
2026-04-22T11:54:46.392+02:00 [main] Current fs = 10.0 Hz
2026-04-22T11:54:46.632+02:00 [ENERGY] proxy: duty=0.0659%  I_avg=78.065 mA  batt=13 h  | baseline@100Hz: duty=0.6586%  I_avg=78.652 mA  batt=13 h  | savings=0.75%  (active=210820 µs  wait=319897889 µs)
2026-04-22T11:54:46.637+02:00 [ANOMALY] Z-score:   TPR=0.000  FPR=0.000  (TP=0 FP=0 FN=0 TN=3465)
2026-04-22T11:54:46.643+02:00 [ANOMALY] Hampel k=5 : TPR=0.000  FPR=0.000  (TP=0 FP=0 FN=0 TN=3454)
2026-04-22T11:54:46.649+02:00 [ANOMALY] Hampel k=20: TPR=0.000  FPR=0.000  (TP=0 FP=0 FN=0 TN=3424)
2026-04-22T11:54:46.655+02:00 [ANOMALY] Hampel k=50: TPR=0.000  FPR=0.000  (TP=0 FP=0 FN=0 TN=3364)
2026-04-22T11:54:46.663+02:00 [ANOMALY] exec avg — Z-score: 2.42 µs  Hampel k=5: 22.50 µs  k=20: 87.63 µs  k=50: 250.91 µs
2026-04-22T11:54:46.671+02:00 [ANOMALY] Hampel RAM  k=5: 55 B  k=20: 205 B  k=50: 505 B  (win[]+spike[] per instance)
2026-04-22T11:54:51.375+02:00 [main] Current fs = 10.0 Hz
2026-04-22T11:54:53.225+02:00 [LoRa] uplink #21  mean=+0.0002  encoded=0  cumulative=42 B  vs_oversampled=420000 B  ratio=10000x  e2e_latency=20224 ms
2026-04-22T11:54:53.232+02:00 [MQTT] #38 avg=0.0002  payload=6 B  total=248 B  baseline=760000 B  ratio=3065x
2026-04-22T11:54:53.238+02:00 [AGG]  win=38  mean=+0.0002  n=50  fs=10.0 Hz  proc_us=6636189
2026-04-22T11:54:54.143+02:00 [LATENCY] rtt_ms=917
2026-04-22T11:54:56.357+02:00 [main] Current fs = 10.0 Hz
2026-04-22T11:54:58.226+02:00 [ENERGY] proxy: duty=0.0658%  I_avg=78.065 mA  batt=13 h  | baseline@100Hz: duty=0.6580%  I_avg=78.651 mA  batt=13 h  | savings=0.75%  (active=218238 µs  wait=331428561 µs)
2026-04-22T11:54:58.232+02:00 [ANOMALY] Z-score:   TPR=0.000  FPR=0.000  (TP=0 FP=0 FN=0 TN=3581)
2026-04-22T11:54:58.238+02:00 [ANOMALY] Hampel k=5 : TPR=0.000  FPR=0.000  (TP=0 FP=0 FN=0 TN=3570)
2026-04-22T11:54:58.245+02:00 [ANOMALY] Hampel k=20: TPR=0.000  FPR=0.000  (TP=0 FP=0 FN=0 TN=3540)
2026-04-22T11:54:58.251+02:00 [ANOMALY] Hampel k=50: TPR=0.000  FPR=0.000  (TP=0 FP=0 FN=0 TN=3480)
2026-04-22T11:54:58.259+02:00 [ANOMALY] exec avg — Z-score: 2.41 µs  Hampel k=5: 22.50 µs  k=20: 87.64 µs  k=50: 251.07 µs
2026-04-22T11:54:58.267+02:00 [ANOMALY] Hampel RAM  k=5: 55 B  k=20: 205 B  k=50: 505 B  (win[]+spike[] per instance)
2026-04-22T11:54:58.483+02:00 [FFT]  dominant = 4.99 Hz  →  fs updated to 10.0 Hz
2026-04-22T11:54:58.487+02:00 [PLOT] type=fft_window seq=14 fs=10.000 n=256
2026-04-22T11:54:58.699+02:00 [PLOT-SAMPLES] seq=14 values=4.790031,-2.440549,1.643652,-3.501172,5.447677,-4.793468,2.443253,-1.645217,3.501994,-5.449176,4.796129,-2.445953,1.646779,-3.501836,5.448905,-4.798786,2.448650,-1.648337,3.502650,-5.450399,4.801439,-2.452152,1.649892,-3.503461,5.451888,-4.804088,2.454843,-1.651444,3.504268,-5.453039,4.804980,-2.457530,1.652993,-3.505072,5.454519,-4.807624,2.460213,-1.654270,3.505872,-5.455996,4.810265,-2.462893,1.655813,-3.506668,5.457467,-4.813669,2.463827,-1.657353,3.507460,-5.458935,4.816301,-2.466504,1.658889,-3.507273,5.460398,-4.818929,2.469177,-1.660422,3.508058,-5.461857,4.821553,-2.472658,1.660221,-3.508839,5.463312,-4.824172,2.475325,-1.661751,3.509617,-5.464424,4.826788,-2.477988,1.663278,-3.510391,5.465870,-4.829399,2.480648,-1.664538,3.509440,-5.467311,4.832007,-2.483304,1.666059,-3.510210,5.468749,-4.835376,2.485957,-1.667577,3.510976,-5.470182,4.837975,-2.488606,1.669091,-3.510763,5.469901,-4.840570,2.491252,-1.670603,3.511522,-5.471329,4.843161,-2.494709,1.672111,-3.512276,5.472753,-4.845747,2.497348,-1.673616,3.513028,-5.473830,4.846631,-2.499984,1.675117,-3.513775,5.475245,-4.849213,2.502616,-1.676356,3.514519,-5.476656,4.851791,-2.505245,1.677851,-3.515259,5.478063,-4.855128,2.506182,-1.679344,3.515996,-5.479465,4.857697,-2.508808,1.680833,-3.515753,5.480863,-4.860263,2.511430,-1.682319,3.516482,-5.482256,4.862824,-2.514865,1.682124,-3.517207,5.483645,-4.865382,2.517480,-1.683607,3.517928,-5.484684,4.867935,-2.520092,1.685087,-3.518646,5.486065,-4.870484,2.522701,-1.686308,3.517693,-5.487441,4.873029,-2.525306,1.687781,-3.518407,5.488813,-4.876330,2.527908,-1.689252,3.519117,-5.490181,4.878867,-2.530505,1.690719,-3.518848,5.489888,-4.881399,2.533100,-1.692183,3.519551,-5.491251,4.883927,-2.536510,1.693643,-3.520250,5.492609,-4.886451,2.539098,-1.695101,3.520945,-5.493613,4.887326,-2.541682,1.696555,-3.521636,5.494962,-4.889846,2.544263,-1.697755,3.522324,-5.496307,4.892362,-2.546840,1.699203,-3.523007,5.497648,-4.895630,2.547780,-1.700647,3.523687,-5.498984,4.898137,-2.550354,1.702089,-3.523389,5.500317,-4.900640,2.552925,-1.703527,3.524061,-5.501645,4.903138,-2.556313,1.703339,-3.524730,5.502969,-4.905633,2.558877,-1.704774,3.525395,-5.503933,4.908123,-2.561437,1.706206,-3.524441,5.505248,-4.910609,2.563993,-1.707635,3.525102,-5.506558,4.913092,-2.566547,1.708814,-3.525759,5.507864,-4.915569,2.569097,-1.710237,3.526413,-5.507561,4.918797,-2.571643,1.711656,-3.527063,5.508862,-4.921267
2026-04-22T11:55:01.345+02:00 [main] Current fs = 10.0 Hz
