2026-05-13T09:05:13.355+02:00 [FFT]  dominant = 5.02 Hz  policy=8.0x  ->  fs updated to 40.0 Hz
2026-05-13T09:05:13.359+02:00 [PLOT] type=fft_window seq=38 fs=40.000 n=256
2026-05-13T09:05:13.573+02:00 [PLOT-SAMPLES] seq=38 values=0.124290,-3.641586,-5.599205,-4.867826,-2.010763,1.321146,3.352188,3.181681,1.252490,-0.986990,-1.998908,-1.105210,1.095597,3.096365,3.410862,1.512510,-1.784650,-4.731094,-5.635817,-3.842794,-0.144560,3.626045,5.596485,4.877790,2.027622,-1.307992,-3.347205,-3.187522,-1.263978,0.978034,1.998543,1.113703,-1.084015,-3.089892,-3.415036,-1.525246,1.767639,4.720396,5.637575,3.857653,0.164829,-3.610459,-5.593110,-4.887534,-2.044185,1.294068,3.342167,3.193318,1.275458,-0.969046,-1.998145,-1.122588,1.071649,3.083375,3.419153,1.539291,-1.750618,-4.709782,-5.639824,-3.871603,-0.185095,3.594826,5.589665,4.897223,2.059068,-1.279433,-3.337995,-3.199069,-1.286929,0.960028,1.997699,1.131013,-1.060058,-3.075855,-3.422353,-1.553299,1.733588,4.699115,5.642005,3.886365,0.204383,-3.580029,-5.586153,-4.906856,-2.075891,1.264766,3.332844,3.205743,1.299195,-0.950980,-1.997205,-1.139405,1.048462,3.069254,3.426365,1.566565,-1.716550,-4.688396,-5.644116,-3.901077,-0.224645,3.564306,5.583165,4.915292,2.092700,-1.250067,-3.327637,-3.211404,-1.310650,0.941435,1.996637,1.147763,-1.036861,-3.064053,-3.430320,-1.580500,1.699830,4.677501,5.646158,3.915740,0.244903,-3.548537,-5.579516,-4.924823,-2.109220,1.235336,3.322375,3.217019,1.322095,-0.932325,-1.996045,-1.156504,1.026434,3.057372,3.434219,1.594399,-1.682777,-4.666681,-5.647581,-3.929497,-0.265159,3.532724,5.575899,4.934298,2.126003,-1.221243,-3.317976,-3.222589,-1.333531,0.923185,1.995405,1.164793,-1.014826,-3.049690,-3.438062,-1.608263,1.665716,4.655809,5.649487,3.944062,0.284435,-3.516866,-5.572120,-4.943717,-2.142772,1.206447,3.312602,3.229081,1.345766,-0.914015,-1.994717,-1.171748,1.003214,3.042925,3.440910,1.621375,-1.648648,-4.644886,-5.651323,-3.958577,-0.304683,3.503308,5.568874,4.953080,2.159527,-1.191620,-3.307172,-3.234560,-1.357183,0.904341,1.993981,1.179974,-0.991598,-3.036118,-3.444639,-1.635164,1.631907,4.633796,5.653090,3.973041,0.324928,-3.487367,-5.564960,-4.962576,-2.176001,1.176762,3.301687,3.239992,1.368591,-0.895110,-1.993285,-1.188576,0.979978,3.029270,3.448313,1.648916,-1.614826,-4.622773,-5.654246,-3.987455,-0.343220,3.471381,5.560976,4.971829,2.192728,-1.162535,-3.296146,-3.245378,-1.379988,0.885850,1.992458,1.196733,-0.967589,-3.021422,-3.451929,-1.662631,1.597738,4.611700,5.655877,4.000968,0.362480,-3.455351,-5.556924,-4.981027,-2.209440,1.147614,3.291464,3.251688,1.391374,-0.878038,-1.991584,-1.204854,0.955965,3.014491,3.454549,1.676309
2026-05-13T09:05:16.054+02:00 [ENERGY] proxy: duty=0.1663%  I_avg=78.165 mA  batt=13 h  | baseline@50Hz: duty=0.2078%  I_avg=78.206 mA  batt=13 h  | savings=0.05%  (active=397799 µs  wait=238874902 µs)
2026-05-13T09:05:16.060+02:00 [ANOMALY] Z-score:   TPR=0.000  FPR=0.000  (TP=0 FP=0 FN=0 TN=9836)
2026-05-13T09:05:16.066+02:00 [ANOMALY] Hampel k=5 : TPR=0.000  FPR=0.000  (TP=0 FP=0 FN=0 TN=9825)
2026-05-13T09:05:16.072+02:00 [ANOMALY] Hampel k=20: TPR=0.000  FPR=0.000  (TP=0 FP=0 FN=0 TN=9795)
2026-05-13T09:05:16.078+02:00 [ANOMALY] Hampel k=50: TPR=0.000  FPR=0.000  (TP=0 FP=0 FN=0 TN=9736)
2026-05-13T09:05:16.087+02:00 [ANOMALY] exec avg — Z-score: 1.80 µs  Hampel k=5: 21.60 µs  k=20: 94.57 µs  k=50: 271.84 µs
2026-05-13T09:05:16.095+02:00 [ANOMALY] Hampel RAM  k=5: 99 B  k=20: 369 B  k=50: 909 B  (win[]+ref[]+spike[] per instance)
2026-05-13T09:05:16.112+02:00 [BONUS-SIGNAL] mode=clean spike_pct=0 dominant=5.02 adaptive_fs=40.0 baseline_fs=50.0 window_n=200 baseline_window_n=250 duty_pct=0.1663 i_avg_ma=78.165 savings_pct=0.05 variant=clean_a expected_fmax=5.0
2026-05-13T09:05:16.151+02:00 [AGG]  win=48  mean=+0.0014  n=200  fs=40.0 Hz  proc_us=106845
2026-05-13T09:05:19.463+02:00 [LoRa] attempt 32 failed: -1116
2026-05-13T09:05:19.756+02:00 [FFT]  dominant = 5.02 Hz  policy=8.0x  ->  fs updated to 40.0 Hz
2026-05-13T09:05:19.760+02:00 [PLOT] type=fft_window seq=39 fs=40.000 n=256
2026-05-13T09:05:19.974+02:00 [PLOT-SAMPLES] seq=39 values=-1.580643,-4.600575,-5.657438,-4.014006,-0.382712,3.440166,5.553412,4.990167,2.226136,-1.132662,-3.285812,-3.256981,-1.403565,0.868243,1.990662,1.212942,-0.944337,-3.007519,-3.458052,-1.689227,1.563885,4.589400,5.659081,4.028274,0.402939,-3.424049,-5.549225,-4.999449,-2.242817,1.117680,3.280104,3.262228,1.412985,-0.858899,-1.989645,-1.221396,0.932707,3.000505,3.461499,1.702829,-1.546780,-4.578070,-5.659977,-4.042492,-0.423161,3.407889,5.544969,5.008478,2.259226,-1.103323,-3.274340,-3.267428,-1.424340,0.849526,1.988625,1.229412,-0.920314,-2.993450,-3.464890,-1.716393,1.529668,4.568289,5.661340,4.055811,0.443378,-3.391685,-5.540645,-5.017451,-2.275877,1.088279,3.269433,3.272297,1.435685,-0.840126,-1.987557,-1.237392,0.908680,2.985399,3.467280,1.729919,-1.512550,-4.556971,-5.662634,-4.069927,-0.462614,3.376331,5.536252,5.026366,2.292512,-1.073205,-3.263559,-3.277409,-1.447838,0.830696,1.986441,1.245338,-0.897044,-2.978263,-3.470557,-1.742680,1.497724,4.545603,5.663859,4.083992,0.482819,-3.360042,-5.532408,-5.035431,-2.309130,1.058103,3.257812,3.282475,1.459161,-0.820747,-1.985222,-1.253249,0.885406,2.971087,3.473778,1.756128,-1.480597,-4.534088,-5.665015,-4.098004,-0.503017,3.343710,5.527880,5.044234,2.325484,-1.042970,-3.251835,-3.287494,-1.470471,0.811260,1.984009,1.261515,-0.873012,-2.963870,-3.476943,-1.768302,1.463464,4.522623,5.665576,4.111124,0.523210,-3.327336,-5.523284,-5.052980,-2.342070,1.029970,3.246711,3.292465,1.481770,-0.801745,-1.982747,-1.269353,0.861373,2.955659,3.480051,1.781680,-1.446327,-4.511108,-5.666595,-4.125033,-0.542421,3.311816,5.518619,5.061668,2.356697,-1.014782,-3.240622,-3.298361,-1.493881,0.792203,1.981438,1.277155,-0.849732,-2.948363,-3.482365,-1.794285,1.429185,4.499545,5.667545,4.138890,0.562600,-3.295358,-5.514510,-5.070299,-2.373249,0.999566,3.234478,3.303238,1.505155,-0.782133,-1.980017,-1.284921,0.838090,2.941026,3.485367,1.807584,-1.412402,-4.487844,-5.668427,-4.152695,-0.582771,3.278858,5.509711,5.077872,2.389545,-0.984321,-3.228280,-3.308067,-1.516417,0.772534,1.978610,1.293035,-0.826448,-2.935179,-3.488312,-1.820844,1.395254,4.476185,5.668720,4.166448,0.602936,-3.262317,-5.504843,-5.086395,-2.406064,0.969688,3.222931,3.312848,1.527666,-0.762907,-1.977156,-1.300727,0.814057,2.926816,3.491201,1.834064,-1.378101,-4.464477,-5.669465,-4.179312,-0.622118,3.245733,5.500142,5.094859,2.422564,-0.954385,-3.216622,-3.318555,-1.538902,0.753254,1.975654,1.308383
2026-05-13T09:05:21.161+02:00 [ENERGY] proxy: duty=0.1664%  I_avg=78.165 mA  batt=13 h  | baseline@50Hz: duty=0.2079%  I_avg=78.206 mA  batt=13 h  | savings=0.05%  (active=406371 µs  wait=243879129 µs)
2026-05-13T09:05:21.167+02:00 [ANOMALY] Z-score:   TPR=0.000  FPR=0.000  (TP=0 FP=0 FN=0 TN=10040)
2026-05-13T09:05:21.173+02:00 [ANOMALY] Hampel k=5 : TPR=0.000  FPR=0.000  (TP=0 FP=0 FN=0 TN=10029)
2026-05-13T09:05:21.179+02:00 [ANOMALY] Hampel k=20: TPR=0.000  FPR=0.000  (TP=0 FP=0 FN=0 TN=9999)
2026-05-13T09:05:21.185+02:00 [ANOMALY] Hampel k=50: TPR=0.000  FPR=0.000  (TP=0 FP=0 FN=0 TN=9940)
2026-05-13T09:05:21.194+02:00 [ANOMALY] exec avg — Z-score: 1.80 µs  Hampel k=5: 21.60 µs  k=20: 94.58 µs  k=50: 271.90 µs
2026-05-13T09:05:21.202+02:00 [ANOMALY] Hampel RAM  k=5: 99 B  k=20: 369 B  k=50: 909 B  (win[]+ref[]+spike[] per instance)
2026-05-13T09:05:21.220+02:00 [BONUS-SIGNAL] mode=clean spike_pct=0 dominant=5.02 adaptive_fs=40.0 baseline_fs=50.0 window_n=200 baseline_window_n=250 duty_pct=0.1664 i_avg_ma=78.165 savings_pct=0.05 variant=clean_a expected_fmax=5.0
2026-05-13T09:05:21.257+02:00 [AGG]  win=49  mean=-0.0006  n=200  fs=40.0 Hz  proc_us=106397
2026-05-13T09:05:26.157+02:00 [FFT]  dominant = 5.02 Hz  policy=8.0x  ->  fs updated to 40.0 Hz
2026-05-13T09:05:26.161+02:00 [PLOT] type=fft_window seq=40 fs=40.000 n=256
2026-05-13T09:05:26.276+02:00 [PLOT-SAMPLES] seq=40 values=-0.804353,-2.919365,-3.493086,-1.846506,1.360945,4.452721,5.670140,4.192959,0.642267,-3.230010,-5.495776,-5.103265,-2.439046,0.939054,3.210258,3.323241,1.550956,-0.743066,-1.974104,-1.316003,0.792710,2.911875,3.495862,1.859647,-1.344157,-4.440916,-5.670747,-4.206554,-0.662407,3.214890,5.490714,5.111839,2.455279,-0.923695,-3.203839,-3.327878,-1.562166,0.733358,1.972432,1.322770,-0.781066,-2.904346,-3.498581,-1.872748,1.326997,4.428987,5.670774,4.220096,0.682539,-3.198190,-5.485583,-5.120131,-2.471726,0.908942,3.197365,3.332468,1.573362,-0.723623,-1.971044,-1.330321,0.768682,2.896778,3.501244,1.885809,-1.309833,-4.417089,-5.671245,-4.232752,-0.699754,3.181448,5.480384,5.128364,2.488153,-0.893526,-3.191738,-3.337983,-1.584545,0.713861,1.969357,1.337836,-0.757040,-2.888222,-3.502900,-1.898831,1.292667,4.405142,5.671646,4.246188,0.719869,-3.165569,-5.475117,-5.136538,-2.504561,0.878083,3.185154,3.342476,1.596549,-0.705120,-1.967623,-1.345313,0.745399,2.880576,3.505449,1.911065,-1.275877,-4.393149,-5.671978,-4.258399,-0.739975,3.148748,5.470422,5.144888,2.520949,-0.862614,-3.178516,-3.346920,-1.607704,0.695309,[ENERGY] proxy: duty=0.1667%  I_avg=78.165 mA  batt=13 h  | baseline@50Hz: duty=0.2084%  I_avg=78.206 mA  batt=13 h  | savings=0.05%  (active=415497 µs  wait=248859006 µs)
2026-05-13T09:05:26.284+02:00 1.965756,1.352754,[ANOMALY] Z-score:   TPR=0.000  FPR=0.000  (TP=0 FP=0 FN=0 TN=10245)
2026-05-13T09:05:26.291+02:00 -0.733759,-2.872892,[ANOMALY] Hampel k=5 : TPR=0.000  FPR=0.000  (TP=0 FP=0 FN=0 TN=10234)
2026-05-13T09:05:26.299+02:00 -3.507942,-1.924005[ANOMALY] Hampel k=20: TPR=0.000  FPR=0.000  (TP=0 FP=0 FN=0 TN=10204)
2026-05-13T09:05:26.306+02:00 ,1.258709,[ANOMALY] Hampel k=50: TPR=0.000  FPR=0.000  (TP=0 FP=0 FN=0 TN=10144)
2026-05-13T09:05:26.319+02:00 4.381040,5.672241,4.271733,0.760072,-3.131886,[ANOMALY] exec avg — Z-score: 1.80 µs  Hampel k=5: 21.59 µs  k=20: 94.59 µs  k=50: 271.94 µs
2026-05-13T09:05:26.329+02:00 -5.465022,-5.152946[ANOMALY] Hampel RAM  k=5: 99 B  k=20: 369 B  k=50: 909 B  (win[]+ref[]+spike[] per instance)
2026-05-13T09:05:26.351+02:00 ,-2.537099,0.847744,3.171823,3.351316,1.616912,-0.685472,[BONUS-SIGNAL] mode=clean spike_pct=0 dominant=5.02 adaptive_fs=40.0 baseline_fs=50.0 window_n=200 baseline_window_n=250 duty_pct=0.1667 i_avg_ma=78.165 savings_pct=0.05 variant=clean_a expected_fmax=5.0
2026-05-13T09:05:26.389+02:00 -1.963925,-1.360521,0.721384,2.865170,3.510379,1.936904,-1.241537,-4.368954,-5.672227,-4.284187,-0.780159,3.114984,5.459553,5.160945,2.553449,-0.832219,-3.165973,-3.355663,-1.628039,0.675610,1.962045,1.367886,-0.709748,-2.856462,-3.511807,-1.949763,1.224365,4.356821,5.672361,4.297414,0.799264,-3.098950,-5.454017,-5.168885,-2.569779,0.816667,3.159171,3.359786,1.639991,[AGG]  win=50  mean=+0.0001  n=200  fs=40.0 Hz  proc_us=125969
2026-05-13T09:05:26.454+02:00 -0.665723,-1.960119,-1.375213,0.698113,2.848664,3.514130,1.961828,-1.207190,-4.346222,-5.672427,-4.310587,-0.819330,3.081970,5.449059,5.177009,2.586089,-0.801090,-3.152314,-3.364041,-1.651089,0.655285,1.958052,1.382502,-0.686479,-2.840827,-3.516397,-1.974604,1.192332,4.333941,5.672424,4.323705,0.839387,-3.064950,-5.443389,-5.184832,-2.602168,0.785486,3.145720,3.368248,1.662171,-0.645345,-1.956028,-1.390110,0.674848,2.832953,3.518608,1.987339,-1.175156,-4.321675,-5.671859,-4.335946,-0.859433,3.047892,5.437652,5.192595,2.618438,-0.770475,-3.139656,-3.372405,-1.673238,0.635380,1.953958,1.397322,-0.662490,-2.824097,-3.520762,-1.998903,1.157979,4.309362,5.671720,4.348956,0.878496,-3.030794,-5.431847,-5.200298,-2.634686,0.756414,3.132643,3.377488
2026-05-13T09:05:27.116+02:00 [LoRa] attempt 33 failed: -1116
2026-05-13T09:05:31.405+02:00 [ENERGY] proxy: duty=0.1669%  I_avg=78.165 mA  batt=13 h  | baseline@50Hz: duty=0.2086%  I_avg=78.206 mA  batt=13 h  | savings=0.05%  (active=424288 µs  wait=253861559 µs)
2026-05-13T09:05:31.411+02:00 [ANOMALY] Z-score:   TPR=0.000  FPR=0.000  (TP=0 FP=0 FN=0 TN=10450)
2026-05-13T09:05:31.417+02:00 [ANOMALY] Hampel k=5 : TPR=0.000  FPR=0.000  (TP=0 FP=0 FN=0 TN=10439)
2026-05-13T09:05:31.423+02:00 [ANOMALY] Hampel k=20: TPR=0.000  FPR=0.000  (TP=0 FP=0 FN=0 TN=10409)
2026-05-13T09:05:31.429+02:00 [ANOMALY] Hampel k=50: TPR=0.000  FPR=0.000  (TP=0 FP=0 FN=0 TN=10349)
2026-05-13T09:05:31.438+02:00 [ANOMALY] exec avg — Z-score: 1.80 µs  Hampel k=5: 21.62 µs  k=20: 94.59 µs  k=50: 271.99 µs
2026-05-13T09:05:31.446+02:00 [ANOMALY] Hampel RAM  k=5: 99 B  k=20: 369 B  k=50: 909 B  (win[]+ref[]+spike[] per instance)
2026-05-13T09:05:31.464+02:00 [BONUS-SIGNAL] mode=clean spike_pct=0 dominant=5.02 adaptive_fs=40.0 baseline_fs=50.0 window_n=200 baseline_window_n=250 duty_pct=0.1669 i_avg_ma=78.165 savings_pct=0.05 variant=clean_a expected_fmax=5.0
2026-05-13T09:05:31.501+02:00 [AGG]  win=51  mean=+0.0007  n=200  fs=40.0 Hz  proc_us=106431
2026-05-13T09:05:32.560+02:00 [FFT]  dominant = 5.02 Hz  policy=8.0x  ->  fs updated to 40.0 Hz
2026-05-13T09:05:32.564+02:00 [PLOT] type=fft_window seq=41 fs=40.000 n=256
2026-05-13T09:05:32.779+02:00 [PLOT-SAMPLES] seq=41 values=1.685133,-0.625390,-1.951840,-1.404497,0.650864,2.816149,3.521905,2.010803,-1.140802,-4.297004,-5.671512,-4.361911,-0.898520,3.014570,5.426627,5.207942,2.650913,-0.740737,-3.125576,-3.381547,-1.696170,0.614843,1.949675,1.411633,-0.639241,-2.808162,-3.524289,-2.023418,1.124022,4.284599,5.671235,4.374811,0.918532,-2.997396,-5.420690,-5.215779,-2.664995,0.725034,3.118455,3.385556,1.707189,-0.604803,-1.947358,-1.419079,0.627620,2.800139,3.526281,2.035993,-1.106846,-4.272101,-5.670404,-4.387655,-0.938532,2.980184,5.414684,5.223304,2.681182,-0.709917,-3.111280,-3.389516,-1.718193,0.594738,1.945097,1.426138,-0.615280,-2.792747,-3.528217,-2.048525,1.089670,4.259608,5.669991,4.399628,0.957550,-2.962935,-5.408611,-5.229667,-2.697347,0.694163,3.104941,3.394401,1.729180,-0.584649,-1.942788,-1.433158,0.603666,2.784655,3.529140,2.061015,-1.072495,-4.247069,-5.669510,-4.412363,-0.977526,2.946562,5.403498,5.237077,2.713489,-0.678384,-3.097657,-3.398262,-1.741000,0.573996,1.940432,1.440139,-0.593974,-2.776526,-3.530963,-2.072698,1.055726,4.234485,5.668961,4.425042,0.997490,-2.929237,-5.397300,-5.244690,-2.729609,0.662581,3.090320,3.402072,1.751954,-0.563858,-1.937916,-1.447083,0.582366,2.768361,3.532730,2.085102,-1.038554,-4.221817,-5.667865,-4.437665,-1.017441,2.913500,5.391035,5.251982,2.745516,-0.647358,-3.082929,-3.405833,-1.762891,0.553696,1.935464,1.453242,-0.570045,-2.760159,-3.534440,-2.097465,1.021383,4.209146,5.667179,4.449421,1.037379,-2.896105,-5.384703,-5.259212,-2.761592,0.631505,3.076370,3.410519,1.773811,-0.543510,-1.932965,-1.460112,0.558446,2.750983,3.535136,2.109784,-1.004213,-4.196430,-5.666425,-4.461933,-1.054422,2.879591,5.378304,5.266382,2.777644,-0.615628,-3.068871,-3.414179,-1.785567,0.533302,1.930819,1.466943,-0.546851,-2.742709,-3.536733,-2.121291,0.987045,4.183669,5.665603,4.474388,1.074335,-2.862124,-5.372506,-5.273763,-2.793674,0.599728,3.061319,3.417789,1.796453,-0.522521,-1.928112,-1.473735,0.535261,2.734400,3.538275,2.133523,-0.970295,-4.170835,-5.664712,-4.485727,-1.094234,2.844620,5.365974,5.280812,2.809498,-0.583804,-3.053713,-3.421349,-1.807320,0.513907,1.925478,1.480816,-0.522964,-2.726055,-3.539760,-2.145713,0.953132,4.157989,5.663284,4.497270,1.114120,-2.827080,-5.359376,-5.287801,-2.825481,0.568452,3.046935,3.424858,1.816261,-0.503632,-1.922797,-1.487528,0.511385,2.716738,3.541189,2.157860,-0.935972,-4.145098,-5.662259,-4.510611,-1.134929,2.808775,5.352284,5.293681
2026-05-13T09:05:34.773+02:00 [LoRa] attempt 34 failed: -1116
2026-05-13T09:05:36.513+02:00 [ENERGY] proxy: duty=0.1670%  I_avg=78.165 mA  batt=13 h  | baseline@50Hz: duty=0.2087%  I_avg=78.207 mA  batt=13 h  | savings=0.05%  (active=432976 µs  wait=258840316 µs)
2026-05-13T09:05:36.519+02:00 [ANOMALY] Z-score:   TPR=0.000  FPR=0.000  (TP=0 FP=0 FN=0 TN=10654)
2026-05-13T09:05:36.525+02:00 [ANOMALY] Hampel k=5 : TPR=0.000  FPR=0.000  (TP=0 FP=0 FN=0 TN=10643)
2026-05-13T09:05:36.531+02:00 [ANOMALY] Hampel k=20: TPR=0.000  FPR=0.000  (TP=0 FP=0 FN=0 TN=10613)
2026-05-13T09:05:36.537+02:00 [ANOMALY] Hampel k=50: TPR=0.000  FPR=0.000  (TP=0 FP=0 FN=0 TN=10554)
2026-05-13T09:05:36.547+02:00 [ANOMALY] exec avg — Z-score: 1.80 µs  Hampel k=5: 21.62 µs  k=20: 94.60 µs  k=50: 272.02 µs
2026-05-13T09:05:36.554+02:00 [ANOMALY] Hampel RAM  k=5: 99 B  k=20: 369 B  k=50: 909 B  (win[]+ref[]+spike[] per instance)
2026-05-13T09:05:36.572+02:00 [BONUS-SIGNAL] mode=clean spike_pct=0 dominant=5.02 adaptive_fs=40.0 baseline_fs=50.0 window_n=200 baseline_window_n=250 duty_pct=0.1670 i_avg_ma=78.165 savings_pct=0.05 variant=clean_a expected_fmax=5.0
2026-05-13T09:05:36.609+02:00 [AGG]  win=52  mean=-0.0002  n=200  fs=40.0 Hz  proc_us=106425
2026-05-13T09:05:38.964+02:00 [FFT]  dominant = 5.02 Hz  policy=8.0x  ->  fs updated to 40.0 Hz
2026-05-13T09:05:38.968+02:00 [PLOT] type=fft_window seq=42 fs=40.000 n=256
2026-05-13T09:05:39.182+02:00 [PLOT-SAMPLES] seq=42 values=2.839534,-0.554131,-3.039649,-3.428248,-1.827953,0.493335,1.920069,1.494200,-0.499810,-2.708323,-3.541602,-2.169187,0.918814,4.132164,5.661164,4.522840,1.154784,-2.791159,-5.346220,-5.300553,-2.855470,0.538141,3.031890,3.431662,1.838767,-0.482459,-1.917295,-1.500833,0.488240,2.699873,3.542918,2.181246,-0.902084,-4.119166,-5.660001,-4.535013,-1.174624,2.773508,5.340298,5.307646,2.871210,-0.522128,-3.024078,-3.435025,-1.849563,0.472115,1.914340,1.507746,-0.476675,-2.691388,-3.544179,-2.193261,0.884933,4.106147,5.658310,4.547128,1.194450,-2.759143,-5.333443,-5.314397,-2.887099,0.506681,3.017090,3.438338,1.860340,-0.461750,-1.911470,-1.514298,0.464414,2.681934,3.545383,2.205233,-0.867786,-4.093086,-5.657012,-4.558387,-1.213293,2.741429,5.326520,5.321085,2.902962,-0.490623,-3.009171,-3.442576,-1.871097,0.451362,1.908554,1.520809,-0.452862,-2.673380,-3.545569,-2.217161,0.850643,4.079981,5.655646,4.570389,1.229292,-2.724605,-5.320213,-5.327712,-2.918801,0.474542,3.001199,3.445787,1.882700,-0.440389,-1.905592,-1.527281,0.441316,2.664791,3.546661,2.228261,-0.833935,-4.066834,-5.654212,-4.582333,-1.249075,2.706822,5.313160,5.334568,2.934614,-0.458440,-2.993173,-3.448946,-1.893419,0.429957,1.902440,1.534024,-0.429776,-2.656168,-3.547697,-2.240100,0.816801,4.053636,5.652258,4.592214,1.268841,-2.689005,-5.306041,-5.341072,-2.950239,0.442897,2.985096,3.452055,1.904119,-0.419503,-1.899382,-1.540414,0.417546,2.647511,3.548677,2.251894,-0.799671,-4.040406,-5.650690,-4.603261,-1.287626,2.671153,5.298855,5.347515,2.966003,-0.426750,-2.977838,-3.456088,-1.914799,0.409029,1.896278,1.546763,-0.406021,-2.637889,-3.548638,-2.263644,0.782545,4.027135,5.650033,4.615046,1.307360,-2.654195,-5.291604,-5.353895,-2.981740,0.410583,2.969654,3.459094,1.926327,-0.398533,-1.893128,-1.553072,0.394502,2.629165,3.549506,2.274560,-0.765865,-4.013822,-5.648343,-4.626772,-1.327078,2.636276,5.284975,5.360512,2.997450,-0.394394,-2.961418,-3.462047,-1.936967,0.387444,1.889780,1.559340,-0.382991,-2.620407,-3.550318,-2.286220,0.748751,4.003848,5.646585,4.638440,1.346778,-2.618323,-5.277594,-5.366769,-3.012981,0.378759,2.953129,3.464950,1.947587,-0.376905,-1.886535,-1.565869,0.370796,2.611616,3.551075,2.297834,-0.731642,-3.990461,-5.644317,-4.649261,-1.366461,2.600337,5.270145,5.372963,3.028640,-0.362527,-2.945657,-3.467801,-1.958186,0.366347,1.883244,1.572055,-0.359301,-2.601863,-3.550810,-2.309403,0.718304,3.977033,5.642425,4.660813
2026-05-13T09:05:41.621+02:00 [ENERGY] proxy: duty=0.1672%  I_avg=78.166 mA  batt=13 h  | baseline@50Hz: duty=0.2090%  I_avg=78.207 mA  batt=13 h  | savings=0.05%  (active=441869 µs  wait=263843681 µs)
2026-05-13T09:05:41.627+02:00 [ANOMALY] Z-score:   TPR=0.000  FPR=0.000  (TP=0 FP=0 FN=0 TN=10858)
2026-05-13T09:05:41.634+02:00 [ANOMALY] Hampel k=5 : TPR=0.000  FPR=0.000  (TP=0 FP=0 FN=0 TN=10847)
2026-05-13T09:05:41.640+02:00 [ANOMALY] Hampel k=20: TPR=0.000  FPR=0.000  (TP=0 FP=0 FN=0 TN=10818)
2026-05-13T09:05:41.646+02:00 [ANOMALY] Hampel k=50: TPR=0.000  FPR=0.000  (TP=0 FP=0 FN=0 TN=10758)
2026-05-13T09:05:41.655+02:00 [ANOMALY] exec avg — Z-score: 1.79 µs  Hampel k=5: 21.62 µs  k=20: 94.61 µs  k=50: 272.03 µs
2026-05-13T09:05:41.663+02:00 [ANOMALY] Hampel RAM  k=5: 99 B  k=20: 369 B  k=50: 909 B  (win[]+ref[]+spike[] per instance)
2026-05-13T09:05:41.680+02:00 [BONUS-SIGNAL] mode=clean spike_pct=0 dominant=5.02 adaptive_fs=40.0 baseline_fs=50.0 window_n=200 baseline_window_n=250 duty_pct=0.1672 i_avg_ma=78.166 savings_pct=0.05 variant=clean_a expected_fmax=5.0
2026-05-13T09:05:41.707+02:00 [AGG]  win=53  mean=+0.0005  n=200  fs=40.0 Hz  proc_us=95526
2026-05-13T09:05:42.430+02:00 [LoRa] attempt 35 failed: -1116
2026-05-13T09:05:45.367+02:00 [FFT]  dominant = 5.02 Hz  policy=8.0x  ->  fs updated to 40.0 Hz
2026-05-13T09:05:45.371+02:00 [PLOT] type=fft_window seq=43 fs=40.000 n=256
2026-05-13T09:05:45.584+02:00 [PLOT-SAMPLES] seq=43 values=1.385163,-2.583248,-5.262632,-5.379094,-3.044272,0.346276,2.937262,3.471576,1.969636,-0.355768,-1.879907,-1.578199,0.347813,2.593006,3.551455,2.320134,-0.701201,-3.963563,-5.640464,-4.672307,-1.404811,2.565197,5.255748,5.385162,3.059876,-0.330005,-2.928815,-3.474323,-1.980194,0.344589,1.876364,1.584302,-0.336332,-2.584116,-3.552043,-2.329708,0.684555,3.950062,5.638436,4.683741,1.424442,-2.547112,-5.248105,-5.391479,-3.075309,0.313713,2.920317,3.477018,1.990730,-0.333968,-1.872932,-1.590657,0.324860,2.575193,3.552577,2.341154,-0.667467,-3.936513,-5.635907,-4.694333,-1.444054,2.528995,5.240396,5.397423,3.090860,-0.297967,-2.912631,-3.479661,-2.001245,0.323328,1.869455,1.596676,-0.312714,-2.565313,-3.554147,-2.352554,0.650384,3.922924,5.633746,4.705651,1.462685,-2.510846,-5.232622,-5.403304,-3.106383,0.281636,2.904027,3.483229,2.011737,-0.312668,-1.865933,-1.602655,0.301260,2.559758,3.553617,2.363110,-0.633307,-3.909295,-5.631516,-4.716909,-1.482261,2.493598,5.225484,5.409122,3.121877,-0.265285,-2.895372,-3.485767,-2.023086,0.301402,1.862364,1.608592,-0.289814,-2.550745,-3.553997,-2.374417,0.616697,3.895625,5.629220,4.728108,1.501817,-2.475386,-5.217581,-5.415195,-3.137209,0.248915,2.886665,3.488254,2.033535,-0.290703,-1.858578,-1.614771,0.282115,2.541701,3.554322,2.385679,-0.599636,-3.881936,-5.626430,-4.739248,-1.521354,2.457142,5.209613,5.420888,3.152648,-0.233084,-2.877907,-3.490688,-2.043962,0.279984,1.854916,1.620623,-0.270007,-2.531703,-3.554592,-2.396895,0.582582,3.868189,5.624000,4.749551,1.539911,-2.438867,-5.201579,-5.426517,-3.168059,0.216676,2.869956,3.494045,2.054367,-0.269247,-1.851209,-1.624618,0.258586,2.522596,3.553838,2.408065,-0.565536,-3.854403,-5.621502,-4.760572,-1.559409,2.421496,5.193480,5.432082,3.183440,-0.200249,-2.861093,-3.496375,-2.065631,0.257897,1.847456,1.630400,-0.247174,-2.513457,-3.553996,-2.418383,0.548963,3.840577,5.618937,4.771534,1.578888,-2.403160,-5.186027,-5.437911,-3.198792,0.183804,2.852179,3.498651,2.075991,-0.247122,-1.844667,-1.636140,0.235771,2.504287,3.554099,2.429459,-0.531934,-3.826741,-5.615888,-4.782435,-1.598346,2.384792,5.177800,5.443351,3.213991,-0.167892,-2.843214,-3.500875,-2.086328,0.236328,1.840835,1.642111,-0.223709,-2.495085,-3.554147,-2.440489,0.514913,3.812839,5.613190,4.792505,1.617784,-2.366394,-5.169509,-5.448727,-3.229285,0.151410,2.835052,3.503046,2.096641,-0.229002,-1.836958,-1.647766,0.212327,2.484935,3.553170,2.451472
2026-05-13T09:05:46.719+02:00 [ENERGY] proxy: duty=0.1675%  I_avg=78.166 mA  batt=13 h  | baseline@50Hz: duty=0.2093%  I_avg=78.207 mA  batt=13 h  | savings=0.05%  (active=450910 µs  wait=268797680 µs)
2026-05-13T09:05:46.725+02:00 [ANOMALY] Z-score:   TPR=0.000  FPR=0.000  (TP=0 FP=0 FN=0 TN=11062)
2026-05-13T09:05:46.732+02:00 [ANOMALY] Hampel k=5 : TPR=0.000  FPR=0.000  (TP=0 FP=0 FN=0 TN=11051)
2026-05-13T09:05:46.738+02:00 [ANOMALY] Hampel k=20: TPR=0.000  FPR=0.000  (TP=0 FP=0 FN=0 TN=11021)
2026-05-13T09:05:46.744+02:00 [ANOMALY] Hampel k=50: TPR=0.000  FPR=0.000  (TP=0 FP=0 FN=0 TN=10962)
2026-05-13T09:05:46.752+02:00 [ANOMALY] exec avg — Z-score: 1.79 µs  Hampel k=5: 21.63 µs  k=20: 94.62 µs  k=50: 272.04 µs
2026-05-13T09:05:46.761+02:00 [ANOMALY] Hampel RAM  k=5: 99 B  k=20: 369 B  k=50: 909 B  (win[]+ref[]+spike[] per instance)
2026-05-13T09:05:46.778+02:00 [BONUS-SIGNAL] mode=clean spike_pct=0 dominant=5.02 adaptive_fs=40.0 baseline_fs=50.0 window_n=200 baseline_window_n=250 duty_pct=0.1675 i_avg_ma=78.166 savings_pct=0.05 variant=clean_a expected_fmax=5.0
2026-05-13T09:05:46.816+02:00 [AGG]  win=54  mean=+0.0002  n=200  fs=40.0 Hz  proc_us=106356
2026-05-13T09:05:50.087+02:00 [LoRa] attempt 36 failed: -1116
2026-05-13T09:05:51.770+02:00 [FFT]  dominant = 5.02 Hz  policy=8.0x  ->  fs updated to 40.0 Hz
2026-05-13T09:05:51.774+02:00 [PLOT] type=fft_window seq=44 fs=40.000 n=256
2026-05-13T09:05:51.834+02:00 [PLOT-SAMPLES] seq=44 values=-0.497900,-3.798899,-5.610425,-4.803288,-1.636242,2.348905,5.161152,5.454038,3.244550,-0.134911,-2.825984,-3.506140,-2.107816,0.218180,1.833036,1.653378,-0.200956,-2.475672,-3.553107,-2.461597,0.480896,3.784921,5.607594,4.814010,1.655639,-2.330447,-5.153447,-5.459621,-3.259784,0.118395,2.816864,3.508205,2.114381,-0.206736,-1.828879,-1.658948,0.189595,2.466379,3.552989,2.472486,-0.464377,-3.770942,-5.604694,-4.824671,-1.675014,2.311960,5.144964,5.464807,3.274873,-0.101862,-2.807694,-3.510217[ENERGY] proxy: duty=0.1675%  I_avg=78.166 mA  batt=13 h  | baseline@50Hz: duty=0.2094%  I_avg=78.207 mA  batt=13 h  | savings=0.05%  (active=459501 µs  wait=273801222 µs)
2026-05-13T09:05:51.842+02:00 ,-2.124629,0.195877,[ANOMALY] Z-score:   TPR=0.000  FPR=0.000  (TP=0 FP=0 FN=0 TN=11266)
2026-05-13T09:05:51.850+02:00 1.824865,1.664740,[ANOMALY] Hampel k=5 : TPR=0.000  FPR=0.000  (TP=0 FP=0 FN=0 TN=11256)
2026-05-13T09:05:51.857+02:00 -0.177582,[ANOMALY] Hampel k=20: TPR=0.000  FPR=0.000  (TP=0 FP=0 FN=0 TN=11226)
2026-05-13T09:05:51.865+02:00 -2.457055,-3.552815,[ANOMALY] Hampel k=50: TPR=0.000  FPR=0.000  (TP=0 FP=0 FN=0 TN=11166)
2026-05-13T09:05:51.877+02:00 -2.483326,0.447392,3.756889,5.601321,[ANOMALY] exec avg — Z-score: 1.79 µs  Hampel k=5: 21.63 µs  k=20: 94.63 µs  k=50: 272.06 µs
2026-05-13T09:05:51.886+02:00 4.834506,1.694368,[ANOMALY] Hampel RAM  k=5: 99 B  k=20: 369 B  k=50: 909 B  (win[]+ref[]+spike[] per instance)
2026-05-13T09:05:51.910+02:00 -2.293443,-5.136416,-5.469927,-3.290048,0.085852,2.799324,3.510465[BONUS-SIGNAL] mode=clean spike_pct=0 dominant=5.02 adaptive_fs=40.0 baseline_fs=50.0 window_n=200 baseline_window_n=250 duty_pct=0.1676 i_avg_ma=78.166 savings_pct=0.05 variant=clean_a expected_fmax=5.0
2026-05-13T09:05:51.950+02:00 ,2.134853,-0.185000,-1.820805,-1.670223,0.166244,2.446786,3.552587,2.494120,-0.430417,-3.742798,-5.598290,-4.845047,-1.712743,2.274897,5.127804,5.474983,3.305192,-0.069284,-2.790051,-3.513360,-2.145941,0.174107,1.816700,1.675664,-0.154917,-2.437403,-3.551333,-2.504052,0.413451,3.728670,5.595192,4.855527,1.732054,-2.257263,-5.119849,-5.479974,-3.320304,0.052700,2.782028,3.515226,2.156117,-0.162586,[AGG]  win=55  mean=+0.0008  n=200  fs=40.0 Hz  proc_us=123111
2026-05-13T09:05:52.068+02:00 -1.812550,-1.681063,0.143600,2.427989,3.550994,2.514750,-0.396979,-3.714551,-5.592027,-4.865947,-1.751342,2.238659,5.111110,5.485248,3.335280,-0.039630,-2.772669,-3.517039,-2.166269,0.151657,1.808155,1.686674,-0.132295,-2.418546,-3.550600,-2.525400,0.380034,3.700351,5.588397,4.876305,1.770609,-2.220027,-5.102306,-5.490111,-3.350332,0.023553,2.763259,3.518799,2.176395,-0.140712,-1.803913,-1.691985,0.120348,2.408162,3.550151,2.536003,-0.363100,-3.686113,-5.585100,-4.885842,-1.788897,2.201367,5.093440,5.494911,3.361683,-0.006926,-2.754643,-3.521480,-2.186497,0.129751,1.799627,1.697253,-0.109068,-2.398660,-3.548676,-2.546558,0.346176,3.671839,5.581737,4.896079,1.808118,-2.183622,-5.085237,-5.499645,-3.376677,-0.009716,2.745131,3.523133,2.197467,-0.118156,-1.795296,-1.702478,0.097800,2.389130,3.548118,2.556244,-0.329754,-3.657528,-5.578307,-4.906255,-1.827316,2.164906,5.076244,5.503050,3.391637,0.026374,-2.735569,-3.524732,-2.207518,0.107161,1.790712,1.707907,-0.086544,-2.379570,-3.547505,-2.566702,0.312853,3.643239,5.574420,4.916368,1.846491,-2.146163,-5.067187,-5.507670,-3.406471,-0.042521,2.725958,3.526277,2.217545,-0.096151,-1.786290,-1.713044,0.074654,2.369982,3.546837,2.577113,-0.295963,-3.628857,-5.570860,-4.925667,-1.865642,2.127391,5.059464,5.512225,3.421369,0.059210,-2.717137,-3.528743,-2.227545,0.085124,1.781823,1.718138
2026-05-13T09:05:56.963+02:00 [ENERGY] proxy: duty=0.1676%  I_avg=78.166 mA  batt=13 h  | baseline@50Hz: duty=0.2095%  I_avg=78.207 mA  batt=13 h  | savings=0.05%  (active=468071 µs  wait=278804650 µs)
2026-05-13T09:05:56.969+02:00 [ANOMALY] Z-score:   TPR=0.000  FPR=0.000  (TP=0 FP=0 FN=0 TN=11471)
2026-05-13T09:05:56.975+02:00 [ANOMALY] Hampel k=5 : TPR=0.000  FPR=0.000  (TP=0 FP=0 FN=0 TN=11460)
2026-05-13T09:05:56.982+02:00 [ANOMALY] Hampel k=20: TPR=0.000  FPR=0.000  (TP=0 FP=0 FN=0 TN=11431)
2026-05-13T09:05:56.988+02:00 [ANOMALY] Hampel k=50: TPR=0.000  FPR=0.000  (TP=0 FP=0 FN=0 TN=11371)
2026-05-13T09:05:56.998+02:00 [ANOMALY] exec avg — Z-score: 1.81 µs  Hampel k=5: 21.63 µs  k=20: 94.63 µs  k=50: 272.09 µs
2026-05-13T09:05:57.005+02:00 [ANOMALY] Hampel RAM  k=5: 99 B  k=20: 369 B  k=50: 909 B  (win[]+ref[]+spike[] per instance)
2026-05-13T09:05:57.022+02:00 [BONUS-SIGNAL] mode=clean spike_pct=0 dominant=5.02 adaptive_fs=40.0 baseline_fs=50.0 window_n=200 baseline_window_n=250 duty_pct=0.1676 i_avg_ma=78.166 savings_pct=0.05 variant=clean_a expected_fmax=5.0
2026-05-13T09:05:57.059+02:00 [AGG]  win=56  mean=-0.0013  n=200  fs=40.0 Hz  proc_us=105305
2026-05-13T09:05:57.744+02:00 [LoRa] attempt 37 failed: -1116
2026-05-13T09:05:58.174+02:00 [FFT]  dominant = 5.02 Hz  policy=8.0x  ->  fs updated to 40.0 Hz
2026-05-13T09:05:58.178+02:00 [PLOT] type=fft_window seq=45 fs=40.000 n=256
2026-05-13T09:05:58.391+02:00 [PLOT-SAMPLES] seq=45 values=-0.063424,-2.359457,-3.545142,-2.587474,0.279085,3.614440,5.567233,4.935658,1.883816,-2.109540,-5.050294,-5.516714,-3.436234,-0.075913,2.707424,3.530181,2.238416,-0.074083,-1.777312,-1.723188,0.052208,2.349812,3.544365,2.596962,-0.262718,-3.599987,-5.563540,-4.945587,-1.902920,2.094294,5.041797,5.521502,3.451066,0.092631,-2.697662,-3.531565,-2.248365,0.062400,1.772540,1.728196,-0.041004,-2.340139,-3.543533,-2.607226,0.245864,3.585566,5.559780,4.955455,1.921999,-2.075449,-5.032503,-5.525862,-3.465779,-0.109363,2.687850,3.532895,2.258288,-0.051327,-1.767938,-1.733395,0.029173,2.330438,3.542646,2.617441,-0.229023,-3.571044,-5.555573,-4.964513,-1.937427,2.056577,5.023145,5.530157,3.480547,0.125593,-2.678825,-3.534171,-2.268184,0.040240,1.763293,1.738313,-0.017997,-2.319804,-3.541706,-2.627608,0.212193,3.556487,5.551684,4.974257,1.955511,-2.038627,-5.013725,-5.534387,-3.495280,-0.142354,2.668913,3.536367,2.278954,-0.029137,-1.758603,-1.743188,0.006835,2.310048,3.539738,2.636895,-0.195376,-3.541895,-5.547729,-4.982427,-1.974522,2.019703,5.004982,5.538550,3.509979,0.159128,-2.658952,-3.537535,-2.288797,0.017388,1.753643,1.748019,0.004314,-2.300265,-3.538688,-2.646963,0.179082,3.527345,5.543706,4.992060,1.993508,-2.000754,-4.995438,-5.543022,-3.524568,-0.175916,2.648942,3.538648,2.298613,-0.006255,-1.748863,-1.753033,-0.015449,2.290454,3.537584,2.656982,-0.162292,-3.512687,-5.540752,-5.001630,-2.012468,1.981778,4.985830,5.547056,3.539201,0.192208,-2.639714,-3.539708,-2.308402,-0.004891,1.744040,1.757774,0.027201,-2.279715,-3.536426,-2.666952,0.145516,3.501613,5.536615,5.010398,2.030454,-1.962778,-4.976160,-5.551024,-3.553800,-0.209023,2.629605,3.541686,2.318163,0.016051,-1.739173,-1.762471,-0.038306,2.269850,3.534240,2.676037,-0.128752,-3.486891,-5.532412,-5.019845,-2.049363,1.944703,4.967175,5.554927,3.568363,0.225850,-2.619447,-3.542637,-2.328802,-0.027865,1.734262,1.767125,0.049396,-2.259960,-3.532974,-2.685907,0.116107,3.472136,5.528143,5.029228,2.068246,-1.925653,-4.957381,-5.559145,-3.582824,-0.242690,2.609240,3.543533,2.338508,0.039053,-1.729071,-1.771952,-0.060471,2.250042,3.531654,2.695728,-0.099367,-3.457435,-5.523445,-5.038548,-2.087102,1.906579,4.947526,5.562917,3.597320,0.259041,-2.598985,-3.544375,-2.348186,-0.050255,1.724071,1.776515,0.072157,-2.240098,-3.530280,-2.704082,0.082641,3.442615,5.519047,5.047071,2.104985,-1.887480,-4.937608,-5.566623,-3.611780,-0.275906,2.589506,3.546134
2026-05-13T09:06:02.071+02:00 [ENERGY] proxy: duty=0.1678%  I_avg=78.166 mA  batt=13 h  | baseline@50Hz: duty=0.2098%  I_avg=78.208 mA  batt=13 h  | savings=0.05%  (active=477012 µs  wait=283782891 µs)
2026-05-13T09:06:02.077+02:00 [ANOMALY] Z-score:   TPR=0.000  FPR=0.000  (TP=0 FP=0 FN=0 TN=11676)
2026-05-13T09:06:02.083+02:00 [ANOMALY] Hampel k=5 : TPR=0.000  FPR=0.000  (TP=0 FP=0 FN=0 TN=11665)
2026-05-13T09:06:02.090+02:00 [ANOMALY] Hampel k=20: TPR=0.000  FPR=0.000  (TP=0 FP=0 FN=0 TN=11635)
2026-05-13T09:06:02.096+02:00 [ANOMALY] Hampel k=50: TPR=0.000  FPR=0.000  (TP=0 FP=0 FN=0 TN=11575)
2026-05-13T09:06:02.104+02:00 [ANOMALY] exec avg — Z-score: 1.81 µs  Hampel k=5: 21.64 µs  k=20: 94.63 µs  k=50: 272.12 µs
2026-05-13T09:06:02.112+02:00 [ANOMALY] Hampel RAM  k=5: 99 B  k=20: 369 B  k=50: 909 B  (win[]+ref[]+spike[] per instance)
2026-05-13T09:06:02.130+02:00 [BONUS-SIGNAL] mode=clean spike_pct=0 dominant=5.02 adaptive_fs=40.0 baseline_fs=50.0 window_n=200 baseline_window_n=250 duty_pct=0.1679 i_avg_ma=78.166 savings_pct=0.05 variant=clean_a expected_fmax=5.0
2026-05-13T09:06:02.167+02:00 [AGG]  win=57  mean=+0.0013  n=200  fs=40.0 Hz  proc_us=105850
2026-05-13T09:06:04.576+02:00 [FFT]  dominant = 5.02 Hz  policy=8.0x  ->  fs updated to 40.0 Hz
2026-05-13T09:06:04.580+02:00 [PLOT] type=fft_window seq=46 fs=40.000 n=256
2026-05-13T09:06:04.794+02:00 [PLOT-SAMPLES] seq=46 values=2.357837,0.061470,-1.719028,-1.781034,-0.083201,2.229231,3.527877,2.713818,-0.065930,-3.427762,-5.514584,-5.056266,-2.123789,1.869310,4.927629,5.570262,3.626204,0.292783,-2.579153,-3.546867,-2.368367,-0.073344,1.713942,1.785508,0.094229,-2.219236,-3.527994,-2.722662,0.049757,3.412876,5.510055,5.065399,2.142565,-1.850163,-4.918341,-5.574226,-3.640592,-0.309672,2.568751,3.547545,2.377961,0.084586,-1.708567,-1.789938,-0.105243,2.209215,3.526473,2.732297,-0.033076,-3.398053,-5.505461,-5.074467,-2.161314,1.830993,4.908239,5.577734,3.654888,0.326078,-2.558302,-3.548168,-2.387526,-0.095840,1.703392,1.794530,0.116858,-2.202829,-3.524897,-2.741882,0.016410,3.383103,5.500449,5.082744,2.180035,-1.811800,-4.898075,-5.581177,-3.669206,-0.342990,2.548625,3.548737,2.397062,0.107106,-1.698174,-1.798869,-0.127838,2.191869,3.522293,2.751417,0.000242,-3.368122,-5.495728,-5.091687,-2.197784,1.793538,4.887850,5.584552,3.683487,0.359913,-2.538078,-3.550222,-2.407480,-0.118384,1.692913,1.803163,0.135262,-2.181777,-3.520610,-2.760056,-0.016878,3.353108,5.490941,5.100565,2.216450,-1.774299,-4.878323,-5.588260,-3.697732,-0.376846,2.527483,3.550680,2.416959,0.130329,-1.687355,-1.807413,-0.146216,2.171660,3.518874,2.769489,0.032964,-3.338167,-5.486089,-5.109381,-2.235088,1.755037,4.867977,5.591504,3.711893,0.393789,-2.516841,-3.551084,-2.426407,-0.141632,1.682007,1.810508,0.157154,-2.161519,-3.517085,-2.778872,-0.049566,3.323092,5.480827,5.117410,2.253696,-1.735752,-4.857569,-5.594682,-3.726066,-0.410259,2.506968,3.551433,2.435826,0.152946,-1.676616,-1.814680,-0.168684,2.150463,3.515242,2.788204,0.066153,-3.307986,-5.475848,-5.126098,-2.271335,1.716445,4.847100,5.597793,3.740201,0.427223,-2.496229,-3.552697,-2.446130,-0.164272,1.672887,1.818807,0.179587,-2.140273,-3.512371,-2.796636,-0.082724,3.292848,5.470804,5.134722,2.289887,-1.698074,-4.837336,-5.600836,-3.754299,-0.444198,2.485444,3.552936,2.455490,0.172575,-1.667425,-1.822890,-0.190473,2.130059,3.510421,2.805866,0.098737,-3.277679,-5.465696,-5.143282,-2.308409,1.678724,4.826746,5.604222,3.768321,0.461181,-2.474611,-3.553119,-2.464819,-0.183919,1.661654,1.827116,0.201342,-2.119820,-3.508419,-2.815046,-0.115272,3.262595,5.460186,5.151778,2.326902,-1.659353,-4.816097,-5.607133,-3.782345,-0.477698,2.463732,3.553248,2.470623,0.195273,-1.656105,-1.831106,-0.212795,2.108672,3.506363,2.824174,0.131791,-3.247367,-5.454951,-5.159495,-2.344427,1.639960,4.805386,5.609978
2026-05-13T09:06:05.401+02:00 [LoRa] attempt 38 failed: -1116
2026-05-13T09:06:07.179+02:00 [ENERGY] proxy: duty=0.1681%  I_avg=78.166 mA  batt=13 h  | baseline@50Hz: duty=0.2101%  I_avg=78.208 mA  batt=13 h  | savings=0.05%  (active=486235 µs  wait=288761022 µs)
2026-05-13T09:06:07.185+02:00 [ANOMALY] Z-score:   TPR=0.000  FPR=0.000  (TP=0 FP=0 FN=0 TN=11880)
2026-05-13T09:06:07.191+02:00 [ANOMALY] Hampel k=5 : TPR=0.000  FPR=0.000  (TP=0 FP=0 FN=0 TN=11869)
2026-05-13T09:06:07.198+02:00 [ANOMALY] Hampel k=20: TPR=0.000  FPR=0.000  (TP=0 FP=0 FN=0 TN=11839)
2026-05-13T09:06:07.204+02:00 [ANOMALY] Hampel k=50: TPR=0.000  FPR=0.000  (TP=0 FP=0 FN=0 TN=11780)
2026-05-13T09:06:07.212+02:00 [ANOMALY] exec avg — Z-score: 1.81 µs  Hampel k=5: 21.64 µs  k=20: 94.63 µs  k=50: 272.14 µs
2026-05-13T09:06:07.220+02:00 [ANOMALY] Hampel RAM  k=5: 99 B  k=20: 369 B  k=50: 909 B  (win[]+ref[]+spike[] per instance)
2026-05-13T09:06:07.238+02:00 [BONUS-SIGNAL] mode=clean spike_pct=0 dominant=5.02 adaptive_fs=40.0 baseline_fs=50.0 window_n=200 baseline_window_n=250 duty_pct=0.1682 i_avg_ma=78.167 savings_pct=0.05 variant=clean_a expected_fmax=5.0
2026-05-13T09:06:07.276+02:00 [AGG]  win=58  mean=-0.0008  n=200  fs=40.0 Hz  proc_us=106483
2026-05-13T09:06:10.980+02:00 [FFT]  dominant = 5.02 Hz  policy=8.0x  ->  fs updated to 40.0 Hz
2026-05-13T09:06:10.984+02:00 [PLOT] type=fft_window seq=47 fs=40.000 n=256
2026-05-13T09:06:11.198+02:00 [PLOT-SAMPLES] seq=47 values=3.796331,0.494701,-2.453615,-3.554290,-2.479898,-0.206639,1.650514,1.835050,0.223628,-2.098387,-3.503279,-2.833252,-0.148293,3.232109,5.449652,5.167863,2.362861,-1.621506,-4.795386,-5.612756,-3.810278,-0.511713,2.442640,3.553097,2.490061,0.218682,-1.644880,-1.838950,-0.234442,2.088078,3.501118,2.841423,0.164229,-3.216820,-5.444288,-5.176167,-2.381264,1.602072,4.784556,5.615882,3.824187,0.528733,-2.431619,-3.553074,-2.499275,-0.230069,1.638930,1.842804,0.245239,-2.077746,-3.498904,-2.850397,-0.180694,3.201627,5.438533,5.184406,2.399637,-1.582618,-4.773666,-5.618527,-3.838030,-0.545293,2.422347,3.552995,2.508458,0.241466,-1.633211,-1.846791,-0.256613,2.067390,3.496637,2.859321,0.197142,-3.186281,-5.433043,-5.191872,-2.417980,1.563143,4.762716,5.621105,3.851863,0.562331,-2.412051,-3.553829,-2.517610,-0.252872,1.627449,1.850552,0.267371,-2.056131,-3.493341,-2.868193,-0.213571,3.170906,5.427490,5.199982,2.435356,-1.544609,-4.751705,-5.623615,-3.865658,-0.575645,2.400902,3.553640,2.527652,0.264288,-1.621646,-1.854268,-0.278111,2.045731,3.490969,2.876153,0.229983,-3.155501,-5.421873,-5.208028,-2.453637,1.525095,4.741413,5.626483,3.879412,0.592694,-2.389708,-3.553395,-2.536741,-0.276389,1.615519,1.857938,0.288833,-2.035308,-3.488545,-2.884921,-0.245817,3.140201,5.416193,5.216009,2.471887,-1.505562,-4.730285,-5.628860,-3.889667,-0.609749,2.378468,3.553095,2.545799,0.287825,-1.609630,-1.861732,-0.300124,2.024862,3.486068,2.893637,0.262190,-3.124741,-5.410131,-5.223222,-2.490106,1.486009,4.719097,5.631170,3.903352,0.626354,-2.367981,-3.552738,-2.554824,-0.299269,1.603701,1.865309,0.310806,-2.013518,-3.483539,-2.902302,-0.278544,3.109252,5.404325,5.231073,2.507359,-1.467399,-4.707850,-5.632312,-3.916996,-0.643426,2.356647,3.553293,2.564742,0.310722,-1.597730,-1.868839,-0.321468,2.003029,3.479981,2.910050,0.294879,-3.093735,-5.398456,-5.238860,-2.525514,1.447809,4.697326,5.634501,3.930600,0.660503,-2.345268,-3.552826,-2.573703,-0.322866,1.591717,1.872324,0.332112,-1.992519,-3.477348,-2.918610,-0.310629,3.078332,5.392524,5.246581,2.543637,-1.428200,-4.687860,-5.637057,-3.944155,-0.677587,2.333844,3.552303,2.582632,0.334338,-1.585371,-1.875924,-0.342735,1.981987,3.474662,2.927118,0.326923,-3.062761,-5.386219,-5.254237,-2.561728,1.412334,4.676450,5.639112,3.957680,0.694228,-2.323168,-3.551724,-2.591528,-0.345817,1.579274,1.879315,0.353918,-1.970560,-3.471925,-2.935574,-0.343198,3.047162,5.380163,5.261132
2026-05-13T09:06:12.288+02:00 [ENERGY] proxy: duty=0.1682%  I_avg=78.166 mA  batt=13 h  | baseline@50Hz: duty=0.2102%  I_avg=78.208 mA  batt=13 h  | savings=0.05%  (active=494848 µs  wait=293765848 µs)
2026-05-13T09:06:12.294+02:00 [ANOMALY] Z-score:   TPR=0.000  FPR=0.000  (TP=0 FP=0 FN=0 TN=12084)
2026-05-13T09:06:12.300+02:00 [ANOMALY] Hampel k=5 : TPR=0.000  FPR=0.000  (TP=0 FP=0 FN=0 TN=12073)
2026-05-13T09:06:12.306+02:00 [ANOMALY] Hampel k=20: TPR=0.000  FPR=0.000  (TP=0 FP=0 FN=0 TN=12044)
2026-05-13T09:06:12.312+02:00 [ANOMALY] Hampel k=50: TPR=0.000  FPR=0.000  (TP=0 FP=0 FN=0 TN=11984)
2026-05-13T09:06:12.321+02:00 [ANOMALY] exec avg — Z-score: 1.81 µs  Hampel k=5: 21.64 µs  k=20: 94.62 µs  k=50: 272.16 µs
2026-05-13T09:06:12.329+02:00 [ANOMALY] Hampel RAM  k=5: 99 B  k=20: 369 B  k=50: 909 B  (win[]+ref[]+spike[] per instance)
2026-05-13T09:06:12.347+02:00 [BONUS-SIGNAL] mode=clean spike_pct=0 dominant=5.02 adaptive_fs=40.0 baseline_fs=50.0 window_n=200 baseline_window_n=250 duty_pct=0.1682 i_avg_ma=78.167 savings_pct=0.05 variant=clean_a expected_fmax=5.0
2026-05-13T09:06:12.375+02:00 [AGG]  win=59  mean=+0.0003  n=200  fs=40.0 Hz  proc_us=96742
2026-05-13T09:06:13.058+02:00 [LoRa] attempt 39 failed: -1116
2026-05-13T09:06:17.388+02:00 [ENERGY] proxy: duty=0.1682%  I_avg=78.167 mA  batt=13 h  | baseline@50Hz: duty=0.2102%  I_avg=78.208 mA  batt=13 h  | savings=0.05%  (active=503313 µs  wait=298744916 µs)
2026-05-13T09:06:17.393+02:00 [FFT]  dominant = 5.02 Hz  policy=8.0x  ->  fs updated to 40.0 Hz
2026-05-13T09:06:17.397+02:00 [PLOT] type=fft_window seq=48 fs=40.000 n=256
2026-05-13T09:06:17.405+02:00 [PLOT-SAMPLES] seq=[ANOMALY] Z-score:   TPR=0.000  FPR=0.000  (TP=0 FP=0 FN=0 TN=12288)
2026-05-13T09:06:17.413+02:00 48 values=2.578855,[ANOMALY] Hampel k=5 : TPR=0.000  FPR=0.000  (TP=0 FP=0 FN=0 TN=12278)
2026-05-13T09:06:17.421+02:00 -1.392693,-4.664981,[ANOMALY] Hampel k=20: TPR=0.000  FPR=0.000  (TP=0 FP=0 FN=0 TN=12248)
2026-05-13T09:06:17.429+02:00 -5.641100,-3.971165,[ANOMALY] Hampel k=50: TPR=0.000  FPR=0.000  (TP=0 FP=0 FN=0 TN=12188)
2026-05-13T09:06:17.441+02:00 -0.711326,2.311652,3.552055,2.600392,[ANOMALY] exec avg — Z-score: 1.80 µs  Hampel k=5: 21.65 µs  k=20: 94.61 µs  k=50: 272.20 µs
2026-05-13T09:06:17.451+02:00 0.357304,-1.573137,[ANOMALY] Hampel RAM  k=5: 99 B  k=20: 369 B  k=50: 909 B  (win[]+ref[]+spike[] per instance)
2026-05-13T09:06:17.474+02:00 -1.882660,-0.364501,1.959986,3.468159,2.943978,0.359452,-3.031536,[BONUS-SIGNAL] mode=clean spike_pct=0 dominant=5.02 adaptive_fs=40.0 baseline_fs=50.0 window_n=200 baseline_window_n=250 duty_pct=0.1682 i_avg_ma=78.167 savings_pct=0.05 variant=clean_a expected_fmax=5.0
2026-05-13T09:06:17.517+02:00 -5.374043,-5.268658,-2.593488,1.373998,4.654241,5.643020,3.984608,0.728429,-2.300090,-3.551365,-2.610150,-0.369488,1.566959,1.885959,0.375063,-1.949392,-3.465317,-2.951460,-0.375114,3.015882,5.367861,5.276118,2.611488,-1.354322,-4.642655,-5.645315,-3.998010,-0.745538,2.288484,3.550619,2.618948,0.380991,-1.560437,-1.889365,-0.385605,1.938776,3.462425,2.959758,0.391326,-3.000356,-5.361316,-5.282511,-2.629454,1.334629,4.631011,[AGG]  win=60  mean=-0.0005  n=200  fs=40.0 Hz  proc_us=127775
2026-05-13T09:06:17.676+02:00 5.647100,4.011373,0.762210,-2.276833,-3.549817,-2.627712,-0.392502,1.554176,1.892569,0.396698,-1.928140,-3.459480,-2.968004,-0.407518,2.984651,5.355010,5.289166,2.646459,-1.314918,-4.619309,-5.648818,-4.024695,-0.779331,2.265924,3.549923,2.636442,0.404020,-1.547874,-1.895727,-0.407197,1.916615,3.455508,2.976197,0.423690,-2.968919,-5.350629,-5.296445,-2.664359,1.296156,4.607548,5.650467,4.037974,0.796456,-2.254182,-3.549009,-2.646070,-0.415544,1.541532,1.898839,0.417675,-1.905939,-3.452460,-2.983465,-0.439260,2.953161,5.344212,5.303658,2.682225,-1.276413,-4.596525,-5.652500,-4.051212,-0.813586,2.242396,3.548039,2.654734,0.427772,-1.534839,-1.901905,-0.428132,1.895243,3.449361,2.991552,0.455387,-2.941330,-5.337732,-5.310804,-2.700057,1.256653,4.584649,5.654016,4.064418,0.830286,-2.230566,-3.547013,-2.663363,-0.439311,1.528413,1.905066,0.439132,-1.884528,-3.446211,-2.999586,-0.471493,2.925526,5.330900,5.317203,2.717854,-1.236877,-4.572716,-5.655462,-4.077574,-0.847426,2.219473,3.545931,2.671958,0.450856,-1.521949,-1.908036,-0.449545,1.872929,3.442033,3.007568,0.484244,-2.909696,-5.324298,-5.324218,-2.734692,1.218052,4.560725,5.656841,4.090686,0.864569,-2.207553,-3.545755,-2.681452,-0.462407,1.515444,1.910961,0.459936,-1.862175,-3.438781,-3.014619,-0.500314,2.893841,5.317634,5.331167,2.752420,-1.198245,-4.549477,-5.658152,-4.103756,-0.881716,2.195589,3.544561,2.689979,0.474668,-1.508580,-1.913839,-0.470305,1.851402,3.435478,3.021606,0.515773,-2.878132,-5.310908,-5.338050,-2.770114,1.178422,4.537372,5.659855,4.116803,0.898866,-2.183582,-3.543311,-2.698471,-0.486232,1.501994,1.916802,0.480653,-1.840610,-3.432124,-3.029443,-0.531798,2.862229,5.303839,5.344192,2.787771,-1.158585,-4.525210,-5.661031,-4.129789,-0.915596,2.172307,3.542004,2.706928,0.497801,-1.495368,-1.919584,-0.491533,1.828939,3.430806,3.037227
2026-05-13T09:06:20.715+02:00 [LoRa] attempt 40 failed: -1116
2026-05-13T09:06:22.528+02:00 [ENERGY] proxy: duty=0.1684%  I_avg=78.167 mA  batt=13 h  | baseline@50Hz: duty=0.2105%  I_avg=78.208 mA  batt=13 h  | savings=0.05%  (active=512272 µs  wait=303747209 µs)
2026-05-13T09:06:22.534+02:00 [ANOMALY] Z-score:   TPR=0.000  FPR=0.000  (TP=0 FP=0 FN=0 TN=12493)
2026-05-13T09:06:22.540+02:00 [ANOMALY] Hampel k=5 : TPR=0.000  FPR=0.000  (TP=0 FP=0 FN=0 TN=12482)
2026-05-13T09:06:22.546+02:00 [ANOMALY] Hampel k=20: TPR=0.000  FPR=0.000  (TP=0 FP=0 FN=0 TN=12453)
2026-05-13T09:06:22.552+02:00 [ANOMALY] Hampel k=50: TPR=0.000  FPR=0.000  (TP=0 FP=0 FN=0 TN=12393)
2026-05-13T09:06:22.561+02:00 [ANOMALY] exec avg — Z-score: 1.80 µs  Hampel k=5: 21.65 µs  k=20: 94.63 µs  k=50: 272.24 µs
2026-05-13T09:06:22.569+02:00 [ANOMALY] Hampel RAM  k=5: 99 B  k=20: 369 B  k=50: 909 B  (win[]+ref[]+spike[] per instance)
2026-05-13T09:06:22.587+02:00 [BONUS-SIGNAL] mode=clean spike_pct=0 dominant=5.02 adaptive_fs=40.0 baseline_fs=50.0 window_n=200 baseline_window_n=250 duty_pct=0.1684 i_avg_ma=78.167 savings_pct=0.05 variant=clean_a expected_fmax=5.0
2026-05-13T09:06:22.624+02:00 [AGG]  win=61  mean=+0.0002  n=200  fs=40.0 Hz  proc_us=106069
